<?xml version="1.0" encoding="UTF-8"?>
<coverage generated="1622550173144" clover="3.2.0">
  <project timestamp="1622550173145" name="All files">
    <metrics statements="506" coveredstatements="253" conditionals="239" coveredconditionals="95" methods="213" coveredmethods="76" elements="958" coveredelements="424" complexity="0" loc="506" ncloc="506" packages="6" files="38" classes="38"/>
    <package name="src">
      <metrics statements="91" coveredstatements="54" conditionals="30" coveredconditionals="15" methods="41" coveredmethods="21"/>
      <file name="agent.js" path="C:\Users\azhamkochyan\Downloads\cypress-end-to-end-javascript-testing\cypress-pluralsight\Before\Conduit-Cypress\client\src\agent.js">
        <metrics statements="43" coveredstatements="25" conditionals="4" coveredconditionals="2" methods="31" coveredmethods="12"/>
        <line num="4" count="1" type="stmt"/>
        <line num="6" count="1" type="stmt"/>
        <line num="8" count="1" type="stmt"/>
        <line num="9" count="5" type="stmt"/>
        <line num="11" count="1" type="stmt"/>
        <line num="12" count="1" type="stmt"/>
        <line num="13" count="6" type="cond" truecount="1" falsecount="1"/>
        <line num="14" count="6" type="stmt"/>
        <line num="18" count="1" type="stmt"/>
        <line num="20" count="0" type="stmt"/>
        <line num="22" count="5" type="stmt"/>
        <line num="24" count="1" type="stmt"/>
        <line num="26" count="0" type="stmt"/>
        <line num="29" count="1" type="stmt"/>
        <line num="31" count="1" type="stmt"/>
        <line num="33" count="0" type="stmt"/>
        <line num="35" count="0" type="stmt"/>
        <line num="37" count="1" type="stmt"/>
        <line num="40" count="1" type="stmt"/>
        <line num="41" count="1" type="stmt"/>
        <line num="44" count="1" type="cond" truecount="1" falsecount="1"/>
        <line num="45" count="1" type="stmt"/>
        <line num="46" count="1" type="stmt"/>
        <line num="48" count="0" type="stmt"/>
        <line num="50" count="1" type="stmt"/>
        <line num="52" count="0" type="stmt"/>
        <line num="54" count="0" type="stmt"/>
        <line num="56" count="0" type="stmt"/>
        <line num="58" count="0" type="stmt"/>
        <line num="60" count="1" type="stmt"/>
        <line num="62" count="0" type="stmt"/>
        <line num="64" count="0" type="stmt"/>
        <line num="66" count="0" type="stmt"/>
        <line num="68" count="0" type="stmt"/>
        <line num="71" count="1" type="stmt"/>
        <line num="73" count="0" type="stmt"/>
        <line num="75" count="0" type="stmt"/>
        <line num="77" count="0" type="stmt"/>
        <line num="80" count="1" type="stmt"/>
        <line num="82" count="0" type="stmt"/>
        <line num="84" count="1" type="stmt"/>
        <line num="86" count="0" type="stmt"/>
        <line num="95" count="1" type="stmt"/>
      </file>
      <file name="index.js" path="C:\Users\azhamkochyan\Downloads\cypress-end-to-end-javascript-testing\cypress-pluralsight\Before\Conduit-Cypress\client\src\index.js">
        <metrics statements="4" coveredstatements="4" conditionals="1" coveredconditionals="1" methods="0" coveredmethods="0"/>
        <line num="16" count="1" type="cond" truecount="1" falsecount="0"/>
        <line num="17" count="1" type="stmt"/>
        <line num="18" count="1" type="stmt"/>
        <line num="21" count="1" type="stmt"/>
      </file>
      <file name="middleware.js" path="C:\Users\azhamkochyan\Downloads\cypress-end-to-end-javascript-testing\cypress-pluralsight\Before\Conduit-Cypress\client\src\middleware.js">
        <metrics statements="38" coveredstatements="19" conditionals="24" coveredconditionals="11" methods="9" coveredmethods="8"/>
        <line num="11" count="1" type="stmt"/>
        <line num="12" count="19" type="cond" truecount="2" falsecount="0"/>
        <line num="13" count="4" type="stmt"/>
        <line num="15" count="4" type="stmt"/>
        <line num="16" count="4" type="stmt"/>
        <line num="18" count="4" type="stmt"/>
        <line num="20" count="3" type="stmt"/>
        <line num="21" count="3" type="cond" truecount="3" falsecount="1"/>
        <line num="22" count="0" type="stmt"/>
        <line num="24" count="3" type="stmt"/>
        <line num="25" count="3" type="stmt"/>
        <line num="26" count="3" type="stmt"/>
        <line num="27" count="3" type="stmt"/>
        <line num="30" count="0" type="stmt"/>
        <line num="31" count="0" type="cond" truecount="0" falsecount="4"/>
        <line num="32" count="0" type="stmt"/>
        <line num="34" count="0" type="stmt"/>
        <line num="35" count="0" type="stmt"/>
        <line num="36" count="0" type="stmt"/>
        <line num="37" count="0" type="cond" truecount="0" falsecount="2"/>
        <line num="38" count="0" type="stmt"/>
        <line num="39" count="0" type="stmt"/>
        <line num="40" count="0" type="stmt"/>
        <line num="41" count="0" type="cond" truecount="0" falsecount="2"/>
        <line num="42" count="0" type="stmt"/>
        <line num="44" count="0" type="stmt"/>
        <line num="48" count="4" type="stmt"/>
        <line num="51" count="15" type="stmt"/>
        <line num="54" count="1" type="stmt"/>
        <line num="55" count="15" type="cond" truecount="3" falsecount="1"/>
        <line num="56" count="0" type="cond" truecount="0" falsecount="2"/>
        <line num="57" count="0" type="stmt"/>
        <line num="58" count="0" type="stmt"/>
        <line num="60" count="15" type="cond" truecount="1" falsecount="1"/>
        <line num="61" count="0" type="stmt"/>
        <line num="62" count="0" type="stmt"/>
        <line num="65" count="15" type="stmt"/>
        <line num="69" count="19" type="cond" truecount="2" falsecount="0"/>
      </file>
      <file name="reducer.js" path="C:\Users\azhamkochyan\Downloads\cypress-end-to-end-javascript-testing\cypress-pluralsight\Before\Conduit-Cypress\client\src\reducer.js">
        <metrics statements="0" coveredstatements="0" conditionals="0" coveredconditionals="0" methods="0" coveredmethods="0"/>
      </file>
      <file name="store.js" path="C:\Users\azhamkochyan\Downloads\cypress-end-to-end-javascript-testing\cypress-pluralsight\Before\Conduit-Cypress\client\src\store.js">
        <metrics statements="6" coveredstatements="6" conditionals="1" coveredconditionals="1" methods="1" coveredmethods="1"/>
        <line num="10" count="1" type="stmt"/>
        <line num="13" count="1" type="stmt"/>
        <line num="15" count="1" type="stmt"/>
        <line num="19" count="1" type="cond" truecount="1" falsecount="0"/>
        <line num="27" count="1" type="stmt"/>
        <line num="36" count="1" type="stmt"/>
      </file>
    </package>
    <package name="src.components">
      <metrics statements="205" coveredstatements="84" conditionals="66" coveredconditionals="28" methods="109" coveredmethods="31"/>
      <file name="App.js" path="C:\Users\azhamkochyan\Downloads\cypress-end-to-end-javascript-testing\cypress-pluralsight\Before\Conduit-Cypress\client\src\components\App.js">
        <metrics statements="15" coveredstatements="12" conditionals="8" coveredconditionals="5" methods="7" coveredmethods="6"/>
        <line num="18" count="1" type="stmt"/>
        <line num="19" count="12" type="stmt"/>
        <line num="26" count="1" type="stmt"/>
        <line num="28" count="1" type="stmt"/>
        <line num="30" count="0" type="stmt"/>
        <line num="35" count="3" type="cond" truecount="1" falsecount="1"/>
        <line num="37" count="0" type="stmt"/>
        <line num="38" count="0" type="stmt"/>
        <line num="43" count="1" type="stmt"/>
        <line num="44" count="1" type="cond" truecount="1" falsecount="1"/>
        <line num="45" count="1" type="stmt"/>
        <line num="48" count="1" type="cond" truecount="1" falsecount="1"/>
        <line num="52" count="4" type="cond" truecount="2" falsecount="0"/>
        <line num="53" count="3" type="stmt"/>
        <line num="72" count="1" type="stmt"/>
      </file>
      <file name="ArticleList.js" path="C:\Users\azhamkochyan\Downloads\cypress-end-to-end-javascript-testing\cypress-pluralsight\Before\Conduit-Cypress\client\src\components\ArticleList.js">
        <metrics statements="7" coveredstatements="5" conditionals="4" coveredconditionals="3" methods="2" coveredmethods="1"/>
        <line num="5" count="1" type="stmt"/>
        <line num="6" count="5" type="cond" truecount="2" falsecount="0"/>
        <line num="7" count="2" type="stmt"/>
        <line num="12" count="3" type="cond" truecount="1" falsecount="1"/>
        <line num="13" count="3" type="stmt"/>
        <line num="20" count="0" type="stmt"/>
        <line num="24" count="0" type="stmt"/>
      </file>
      <file name="ArticlePreview.js" path="C:\Users\azhamkochyan\Downloads\cypress-end-to-end-javascript-testing\cypress-pluralsight\Before\Conduit-Cypress\client\src\components\ArticlePreview.js">
        <metrics statements="16" coveredstatements="4" conditionals="4" coveredconditionals="0" methods="7" coveredmethods="0"/>
        <line num="10" count="1" type="stmt"/>
        <line num="11" count="1" type="stmt"/>
        <line num="13" count="1" type="stmt"/>
        <line num="15" count="0" type="stmt"/>
        <line num="20" count="0" type="stmt"/>
        <line num="26" count="1" type="stmt"/>
        <line num="27" count="0" type="stmt"/>
        <line num="28" count="0" type="cond" truecount="0" falsecount="2"/>
        <line num="32" count="0" type="stmt"/>
        <line num="33" count="0" type="stmt"/>
        <line num="34" count="0" type="cond" truecount="0" falsecount="2"/>
        <line num="35" count="0" type="stmt"/>
        <line num="37" count="0" type="stmt"/>
        <line num="41" count="0" type="stmt"/>
        <line num="74" count="0" type="stmt"/>
        <line num="87" count="0" type="stmt"/>
      </file>
      <file name="Editor.js" path="C:\Users\azhamkochyan\Downloads\cypress-end-to-end-javascript-testing\cypress-pluralsight\Before\Conduit-Cypress\client\src\components\Editor.js">
        <metrics statements="38" coveredstatements="2" conditionals="12" coveredconditionals="0" methods="20" coveredmethods="0"/>
        <line num="14" count="1" type="stmt"/>
        <line num="18" count="1" type="stmt"/>
        <line num="19" count="0" type="stmt"/>
        <line num="20" count="0" type="stmt"/>
        <line num="21" count="0" type="stmt"/>
        <line num="22" count="0" type="stmt"/>
        <line num="23" count="0" type="stmt"/>
        <line num="25" count="0" type="stmt"/>
        <line num="30" count="0" type="stmt"/>
        <line num="32" count="0" type="stmt"/>
        <line num="33" count="0" type="stmt"/>
        <line num="34" count="0" type="stmt"/>
        <line num="35" count="0" type="stmt"/>
        <line num="36" count="0" type="stmt"/>
        <line num="37" count="0" type="stmt"/>
        <line num="39" count="0" type="stmt"/>
        <line num="40" count="0" type="cond" truecount="0" falsecount="2"/>
        <line num="41" count="0" type="stmt"/>
        <line num="42" count="0" type="stmt"/>
        <line num="46" count="0" type="stmt"/>
        <line num="47" count="0" type="stmt"/>
        <line num="50" count="0" type="stmt"/>
        <line num="51" count="0" type="stmt"/>
        <line num="52" count="0" type="stmt"/>
        <line num="59" count="0" type="stmt"/>
        <line num="60" count="0" type="cond" truecount="0" falsecount="2"/>
        <line num="64" count="0" type="stmt"/>
        <line num="69" count="0" type="cond" truecount="0" falsecount="2"/>
        <line num="70" count="0" type="cond" truecount="0" falsecount="2"/>
        <line num="71" count="0" type="stmt"/>
        <line num="72" count="0" type="stmt"/>
        <line num="76" count="0" type="stmt"/>
        <line num="81" count="0" type="cond" truecount="0" falsecount="2"/>
        <line num="82" count="0" type="stmt"/>
        <line num="84" count="0" type="stmt"/>
        <line num="88" count="0" type="stmt"/>
        <line num="92" count="0" type="stmt"/>
        <line num="147" count="0" type="stmt"/>
      </file>
      <file name="Header.js" path="C:\Users\azhamkochyan\Downloads\cypress-end-to-end-javascript-testing\cypress-pluralsight\Before\Conduit-Cypress\client\src\components\Header.js">
        <metrics statements="9" coveredstatements="9" conditionals="4" coveredconditionals="4" methods="3" coveredmethods="3"/>
        <line num="4" count="1" type="stmt"/>
        <line num="5" count="4" type="cond" truecount="2" falsecount="0"/>
        <line num="6" count="1" type="stmt"/>
        <line num="28" count="3" type="stmt"/>
        <line num="31" count="1" type="stmt"/>
        <line num="32" count="4" type="cond" truecount="2" falsecount="0"/>
        <line num="33" count="3" type="stmt"/>
        <line num="69" count="1" type="stmt"/>
        <line num="74" count="4" type="stmt"/>
      </file>
      <file name="ListErrors.js" path="C:\Users\azhamkochyan\Downloads\cypress-end-to-end-javascript-testing\cypress-pluralsight\Before\Conduit-Cypress\client\src\components\ListErrors.js">
        <metrics statements="5" coveredstatements="3" conditionals="2" coveredconditionals="1" methods="2" coveredmethods="1"/>
        <line num="5" count="1" type="stmt"/>
        <line num="6" count="1" type="cond" truecount="1" falsecount="1"/>
        <line num="7" count="0" type="stmt"/>
        <line num="11" count="0" type="stmt"/>
        <line num="21" count="1" type="stmt"/>
      </file>
      <file name="ListPagination.js" path="C:\Users\azhamkochyan\Downloads\cypress-end-to-end-javascript-testing\cypress-pluralsight\Before\Conduit-Cypress\client\src\components\ListPagination.js">
        <metrics statements="19" coveredstatements="2" conditionals="6" coveredconditionals="0" methods="7" coveredmethods="0"/>
        <line num="6" count="1" type="stmt"/>
        <line num="7" count="0" type="stmt"/>
        <line num="10" count="1" type="stmt"/>
        <line num="11" count="0" type="cond" truecount="0" falsecount="2"/>
        <line num="12" count="0" type="stmt"/>
        <line num="15" count="0" type="stmt"/>
        <line num="16" count="0" type="stmt"/>
        <line num="17" count="0" type="stmt"/>
        <line num="20" count="0" type="stmt"/>
        <line num="21" count="0" type="cond" truecount="0" falsecount="2"/>
        <line num="22" count="0" type="stmt"/>
        <line num="24" count="0" type="stmt"/>
        <line num="28" count="0" type="stmt"/>
        <line num="32" count="0" type="stmt"/>
        <line num="33" count="0" type="stmt"/>
        <line num="34" count="0" type="stmt"/>
        <line num="35" count="0" type="stmt"/>
        <line num="37" count="0" type="stmt"/>
        <line num="55" count="0" type="stmt"/>
      </file>
      <file name="Login.js" path="C:\Users\azhamkochyan\Downloads\cypress-end-to-end-javascript-testing\cypress-pluralsight\Before\Conduit-Cypress\client\src\components\Login.js">
        <metrics statements="16" coveredstatements="2" conditionals="0" coveredconditionals="0" methods="13" coveredmethods="0"/>
        <line num="12" count="1" type="stmt"/>
        <line num="14" count="1" type="stmt"/>
        <line num="16" count="0" type="stmt"/>
        <line num="18" count="0" type="stmt"/>
        <line num="20" count="0" type="stmt"/>
        <line num="22" count="0" type="stmt"/>
        <line num="27" count="0" type="stmt"/>
        <line num="28" count="0" type="stmt"/>
        <line num="29" count="0" type="stmt"/>
        <line num="30" count="0" type="stmt"/>
        <line num="31" count="0" type="stmt"/>
        <line num="32" count="0" type="stmt"/>
        <line num="37" count="0" type="stmt"/>
        <line num="41" count="0" type="stmt"/>
        <line num="42" count="0" type="stmt"/>
        <line num="43" count="0" type="stmt"/>
      </file>
      <file name="Profile.js" path="C:\Users\azhamkochyan\Downloads\cypress-end-to-end-javascript-testing\cypress-pluralsight\Before\Conduit-Cypress\client\src\components\Profile.js">
        <metrics statements="31" coveredstatements="23" conditionals="14" coveredconditionals="9" methods="13" coveredmethods="10"/>
        <line num="13" count="1" type="stmt"/>
        <line num="14" count="3" type="cond" truecount="2" falsecount="0"/>
        <line num="15" count="1" type="stmt"/>
        <line num="25" count="2" type="stmt"/>
        <line num="28" count="1" type="stmt"/>
        <line num="29" count="3" type="cond" truecount="2" falsecount="0"/>
        <line num="30" count="1" type="stmt"/>
        <line num="33" count="2" type="stmt"/>
        <line num="34" count="2" type="cond" truecount="1" falsecount="1"/>
        <line num="35" count="0" type="stmt"/>
        <line num="37" count="2" type="stmt"/>
        <line num="40" count="2" type="stmt"/>
        <line num="41" count="0" type="stmt"/>
        <line num="42" count="0" type="cond" truecount="0" falsecount="2"/>
        <line num="43" count="0" type="stmt"/>
        <line num="45" count="0" type="stmt"/>
        <line num="49" count="2" type="stmt"/>
        <line num="62" count="4" type="stmt"/>
        <line num="68" count="1" type="stmt"/>
        <line num="70" count="0" type="stmt"/>
        <line num="74" count="1" type="stmt"/>
        <line num="76" count="0" type="stmt"/>
        <line num="80" count="1" type="stmt"/>
        <line num="85" count="1" type="stmt"/>
        <line num="94" count="1" type="stmt"/>
        <line num="98" count="3" type="stmt"/>
        <line num="122" count="3" type="stmt"/>
        <line num="123" count="3" type="cond" truecount="1" falsecount="1"/>
        <line num="124" count="0" type="stmt"/>
        <line num="128" count="3" type="cond" truecount="2" falsecount="0"/>
        <line num="131" count="3" type="stmt"/>
      </file>
      <file name="ProfileFavorites.js" path="C:\Users\azhamkochyan\Downloads\cypress-end-to-end-javascript-testing\cypress-pluralsight\Before\Conduit-Cypress\client\src\components\ProfileFavorites.js">
        <metrics statements="6" coveredstatements="1" conditionals="0" coveredconditionals="0" methods="7" coveredmethods="0"/>
        <line num="11" count="1" type="stmt"/>
        <line num="13" count="0" type="stmt"/>
        <line num="15" count="0" type="stmt"/>
        <line num="20" count="0" type="stmt"/>
        <line num="27" count="0" type="stmt"/>
        <line num="31" count="0" type="stmt"/>
      </file>
      <file name="Register.js" path="C:\Users\azhamkochyan\Downloads\cypress-end-to-end-javascript-testing\cypress-pluralsight\Before\Conduit-Cypress\client\src\components\Register.js">
        <metrics statements="20" coveredstatements="2" conditionals="0" coveredconditionals="0" methods="15" coveredmethods="0"/>
        <line num="12" count="1" type="stmt"/>
        <line num="14" count="1" type="stmt"/>
        <line num="16" count="0" type="stmt"/>
        <line num="18" count="0" type="stmt"/>
        <line num="20" count="0" type="stmt"/>
        <line num="22" count="0" type="stmt"/>
        <line num="23" count="0" type="stmt"/>
        <line num="25" count="0" type="stmt"/>
        <line num="30" count="0" type="stmt"/>
        <line num="31" count="0" type="stmt"/>
        <line num="32" count="0" type="stmt"/>
        <line num="33" count="0" type="stmt"/>
        <line num="34" count="0" type="stmt"/>
        <line num="35" count="0" type="stmt"/>
        <line num="36" count="0" type="stmt"/>
        <line num="41" count="0" type="stmt"/>
        <line num="45" count="0" type="stmt"/>
        <line num="46" count="0" type="stmt"/>
        <line num="47" count="0" type="stmt"/>
        <line num="49" count="0" type="stmt"/>
      </file>
      <file name="Settings.js" path="C:\Users\azhamkochyan\Downloads\cypress-end-to-end-javascript-testing\cypress-pluralsight\Before\Conduit-Cypress\client\src\components\Settings.js">
        <metrics statements="23" coveredstatements="19" conditionals="12" coveredconditionals="6" methods="13" coveredmethods="10"/>
        <line num="13" count="1" type="stmt"/>
        <line num="15" count="1" type="stmt"/>
        <line num="23" count="205" type="stmt"/>
        <line num="24" count="40" type="stmt"/>
        <line num="25" count="40" type="stmt"/>
        <line num="26" count="40" type="stmt"/>
        <line num="29" count="1" type="stmt"/>
        <line num="30" count="1" type="stmt"/>
        <line num="32" count="1" type="stmt"/>
        <line num="33" count="1" type="cond" truecount="1" falsecount="1"/>
        <line num="34" count="1" type="stmt"/>
        <line num="37" count="1" type="stmt"/>
        <line num="42" count="1" type="cond" truecount="1" falsecount="1"/>
        <line num="43" count="1" type="stmt"/>
        <line num="53" count="0" type="cond" truecount="0" falsecount="2"/>
        <line num="54" count="0" type="stmt"/>
        <line num="66" count="41" type="stmt"/>
        <line num="137" count="3" type="stmt"/>
        <line num="142" count="1" type="stmt"/>
        <line num="143" count="0" type="stmt"/>
        <line num="145" count="1" type="stmt"/>
        <line num="146" count="0" type="stmt"/>
        <line num="151" count="1" type="stmt"/>
      </file>
    </package>
    <package name="src.components.Article">
      <metrics statements="59" coveredstatements="11" conditionals="14" coveredconditionals="0" methods="30" coveredmethods="0"/>
      <file name="ArticleActions.js" path="C:\Users\azhamkochyan\Downloads\cypress-end-to-end-javascript-testing\cypress-pluralsight\Before\Conduit-Cypress\client\src\components\Article\ArticleActions.js">
        <metrics statements="10" coveredstatements="2" conditionals="2" coveredconditionals="0" methods="5" coveredmethods="0"/>
        <line num="7" count="1" type="stmt"/>
        <line num="8" count="0" type="stmt"/>
        <line num="11" count="1" type="stmt"/>
        <line num="12" count="0" type="stmt"/>
        <line num="13" count="0" type="stmt"/>
        <line num="14" count="0" type="stmt"/>
        <line num="16" count="0" type="cond" truecount="0" falsecount="2"/>
        <line num="17" count="0" type="stmt"/>
        <line num="38" count="0" type="stmt"/>
        <line num="42" count="0" type="stmt"/>
      </file>
      <file name="ArticleMeta.js" path="C:\Users\azhamkochyan\Downloads\cypress-end-to-end-javascript-testing\cypress-pluralsight\Before\Conduit-Cypress\client\src\components\Article\ArticleMeta.js">
        <metrics statements="3" coveredstatements="1" conditionals="0" coveredconditionals="0" methods="1" coveredmethods="0"/>
        <line num="5" count="1" type="stmt"/>
        <line num="6" count="0" type="stmt"/>
        <line num="7" count="0" type="stmt"/>
      </file>
      <file name="Comment.js" path="C:\Users\azhamkochyan\Downloads\cypress-end-to-end-javascript-testing\cypress-pluralsight\Before\Conduit-Cypress\client\src\components\Article\Comment.js">
        <metrics statements="4" coveredstatements="1" conditionals="2" coveredconditionals="0" methods="1" coveredmethods="0"/>
        <line num="5" count="1" type="stmt"/>
        <line num="6" count="0" type="stmt"/>
        <line num="8" count="0" type="cond" truecount="0" falsecount="2"/>
        <line num="9" count="0" type="stmt"/>
      </file>
      <file name="CommentContainer.js" path="C:\Users\azhamkochyan\Downloads\cypress-end-to-end-javascript-testing\cypress-pluralsight\Before\Conduit-Cypress\client\src\components\Article\CommentContainer.js">
        <metrics statements="4" coveredstatements="1" conditionals="2" coveredconditionals="0" methods="1" coveredmethods="0"/>
        <line num="6" count="1" type="stmt"/>
        <line num="7" count="0" type="cond" truecount="0" falsecount="2"/>
        <line num="8" count="0" type="stmt"/>
        <line num="22" count="0" type="stmt"/>
      </file>
      <file name="CommentInput.js" path="C:\Users\azhamkochyan\Downloads\cypress-end-to-end-javascript-testing\cypress-pluralsight\Before\Conduit-Cypress\client\src\components\Article\CommentInput.js">
        <metrics statements="13" coveredstatements="1" conditionals="0" coveredconditionals="0" methods="7" coveredmethods="0"/>
        <line num="6" count="1" type="stmt"/>
        <line num="7" count="0" type="stmt"/>
        <line num="12" count="0" type="stmt"/>
        <line num="13" count="0" type="stmt"/>
        <line num="17" count="0" type="stmt"/>
        <line num="18" count="0" type="stmt"/>
        <line num="21" count="0" type="stmt"/>
        <line num="22" count="0" type="stmt"/>
        <line num="23" count="0" type="stmt"/>
        <line num="26" count="0" type="stmt"/>
        <line num="27" count="0" type="stmt"/>
        <line num="32" count="0" type="stmt"/>
        <line num="64" count="0" type="stmt"/>
      </file>
      <file name="CommentList.js" path="C:\Users\azhamkochyan\Downloads\cypress-end-to-end-javascript-testing\cypress-pluralsight\Before\Conduit-Cypress\client\src\components\Article\CommentList.js">
        <metrics statements="3" coveredstatements="1" conditionals="0" coveredconditionals="0" methods="2" coveredmethods="0"/>
        <line num="4" count="1" type="stmt"/>
        <line num="5" count="0" type="stmt"/>
        <line num="8" count="0" type="stmt"/>
      </file>
      <file name="DeleteButton.js" path="C:\Users\azhamkochyan\Downloads\cypress-end-to-end-javascript-testing\cypress-pluralsight\Before\Conduit-Cypress\client\src\components\Article\DeleteButton.js">
        <metrics statements="10" coveredstatements="2" conditionals="2" coveredconditionals="0" methods="5" coveredmethods="0"/>
        <line num="6" count="1" type="stmt"/>
        <line num="8" count="0" type="stmt"/>
        <line num="11" count="1" type="stmt"/>
        <line num="12" count="0" type="stmt"/>
        <line num="13" count="0" type="stmt"/>
        <line num="14" count="0" type="stmt"/>
        <line num="17" count="0" type="cond" truecount="0" falsecount="2"/>
        <line num="18" count="0" type="stmt"/>
        <line num="24" count="0" type="stmt"/>
        <line num="28" count="0" type="stmt"/>
      </file>
      <file name="index.js" path="C:\Users\azhamkochyan\Downloads\cypress-end-to-end-javascript-testing\cypress-pluralsight\Before\Conduit-Cypress\client\src\components\Article\index.js">
        <metrics statements="12" coveredstatements="2" conditionals="6" coveredconditionals="0" methods="8" coveredmethods="0"/>
        <line num="9" count="1" type="stmt"/>
        <line num="14" count="1" type="stmt"/>
        <line num="16" count="0" type="stmt"/>
        <line num="18" count="0" type="stmt"/>
        <line num="23" count="0" type="stmt"/>
        <line num="30" count="0" type="stmt"/>
        <line num="34" count="0" type="cond" truecount="0" falsecount="2"/>
        <line num="35" count="0" type="stmt"/>
        <line num="38" count="0" type="stmt"/>
        <line num="39" count="0" type="cond" truecount="0" falsecount="2"/>
        <line num="41" count="0" type="stmt"/>
        <line num="65" count="0" type="stmt"/>
      </file>
    </package>
    <package name="src.components.Home">
      <metrics statements="46" coveredstatements="34" conditionals="16" coveredconditionals="10" methods="22" coveredmethods="16"/>
      <file name="Banner.js" path="C:\Users\azhamkochyan\Downloads\cypress-end-to-end-javascript-testing\cypress-pluralsight\Before\Conduit-Cypress\client\src\components\Home\Banner.js">
        <metrics statements="4" coveredstatements="3" conditionals="2" coveredconditionals="1" methods="1" coveredmethods="1"/>
        <line num="3" count="1" type="stmt"/>
        <line num="4" count="2" type="cond" truecount="1" falsecount="1"/>
        <line num="5" count="2" type="stmt"/>
        <line num="7" count="0" type="stmt"/>
      </file>
      <file name="MainView.js" path="C:\Users\azhamkochyan\Downloads\cypress-end-to-end-javascript-testing\cypress-pluralsight\Before\Conduit-Cypress\client\src\components\Home\MainView.js">
        <metrics statements="21" coveredstatements="14" conditionals="8" coveredconditionals="5" methods="9" coveredmethods="6"/>
        <line num="7" count="1" type="stmt"/>
        <line num="8" count="2" type="cond" truecount="1" falsecount="1"/>
        <line num="9" count="2" type="stmt"/>
        <line num="10" count="0" type="stmt"/>
        <line num="11" count="0" type="stmt"/>
        <line num="14" count="2" type="stmt"/>
        <line num="26" count="0" type="stmt"/>
        <line num="29" count="1" type="stmt"/>
        <line num="30" count="2" type="stmt"/>
        <line num="31" count="0" type="stmt"/>
        <line num="32" count="0" type="stmt"/>
        <line num="34" count="2" type="stmt"/>
        <line num="47" count="1" type="stmt"/>
        <line num="48" count="2" type="cond" truecount="1" falsecount="1"/>
        <line num="49" count="2" type="stmt"/>
        <line num="52" count="0" type="stmt"/>
        <line num="61" count="4" type="stmt"/>
        <line num="67" count="1" type="stmt"/>
        <line num="69" count="0" type="stmt"/>
        <line num="72" count="1" type="stmt"/>
        <line num="73" count="2" type="stmt"/>
      </file>
      <file name="Tags.js" path="C:\Users\azhamkochyan\Downloads\cypress-end-to-end-javascript-testing\cypress-pluralsight\Before\Conduit-Cypress\client\src\components\Home\Tags.js">
        <metrics statements="10" coveredstatements="7" conditionals="2" coveredconditionals="2" methods="4" coveredmethods="2"/>
        <line num="4" count="1" type="stmt"/>
        <line num="5" count="2" type="stmt"/>
        <line num="6" count="2" type="cond" truecount="2" falsecount="0"/>
        <line num="7" count="1" type="stmt"/>
        <line num="10" count="2" type="stmt"/>
        <line num="11" count="0" type="stmt"/>
        <line num="12" count="0" type="stmt"/>
        <line num="14" count="0" type="stmt"/>
        <line num="19" count="2" type="stmt"/>
        <line num="34" count="1" type="stmt"/>
      </file>
      <file name="index.js" path="C:\Users\azhamkochyan\Downloads\cypress-end-to-end-javascript-testing\cypress-pluralsight\Before\Conduit-Cypress\client\src\components\Home\index.js">
        <metrics statements="11" coveredstatements="10" conditionals="4" coveredconditionals="2" methods="8" coveredmethods="7"/>
        <line num="13" count="1" type="stmt"/>
        <line num="15" count="5" type="stmt"/>
        <line num="21" count="1" type="stmt"/>
        <line num="23" count="0" type="stmt"/>
        <line num="25" count="1" type="stmt"/>
        <line num="27" count="1" type="stmt"/>
        <line num="32" count="1" type="cond" truecount="1" falsecount="1"/>
        <line num="33" count="1" type="cond" truecount="1" falsecount="1"/>
        <line num="37" count="1" type="stmt"/>
        <line num="41" count="1" type="stmt"/>
        <line num="45" count="2" type="stmt"/>
      </file>
    </package>
    <package name="src.constants">
      <metrics statements="36" coveredstatements="36" conditionals="0" coveredconditionals="0" methods="0" coveredmethods="0"/>
      <file name="actionTypes.js" path="C:\Users\azhamkochyan\Downloads\cypress-end-to-end-javascript-testing\cypress-pluralsight\Before\Conduit-Cypress\client\src\constants\actionTypes.js">
        <metrics statements="36" coveredstatements="36" conditionals="0" coveredconditionals="0" methods="0" coveredmethods="0"/>
        <line num="1" count="1" type="stmt"/>
        <line num="2" count="1" type="stmt"/>
        <line num="3" count="1" type="stmt"/>
        <line num="4" count="1" type="stmt"/>
        <line num="5" count="1" type="stmt"/>
        <line num="6" count="1" type="stmt"/>
        <line num="7" count="1" type="stmt"/>
        <line num="8" count="1" type="stmt"/>
        <line num="9" count="1" type="stmt"/>
        <line num="10" count="1" type="stmt"/>
        <line num="11" count="1" type="stmt"/>
        <line num="12" count="1" type="stmt"/>
        <line num="13" count="1" type="stmt"/>
        <line num="14" count="1" type="stmt"/>
        <line num="15" count="1" type="stmt"/>
        <line num="16" count="1" type="stmt"/>
        <line num="17" count="1" type="stmt"/>
        <line num="18" count="1" type="stmt"/>
        <line num="19" count="1" type="stmt"/>
        <line num="20" count="1" type="stmt"/>
        <line num="21" count="1" type="stmt"/>
        <line num="22" count="1" type="stmt"/>
        <line num="23" count="1" type="stmt"/>
        <line num="24" count="1" type="stmt"/>
        <line num="25" count="1" type="stmt"/>
        <line num="26" count="1" type="stmt"/>
        <line num="27" count="1" type="stmt"/>
        <line num="28" count="1" type="stmt"/>
        <line num="29" count="1" type="stmt"/>
        <line num="30" count="1" type="stmt"/>
        <line num="31" count="1" type="stmt"/>
        <line num="32" count="1" type="stmt"/>
        <line num="33" count="1" type="stmt"/>
        <line num="34" count="1" type="stmt"/>
        <line num="35" count="1" type="stmt"/>
        <line num="36" count="1" type="stmt"/>
      </file>
    </package>
    <package name="src.reducers">
      <metrics statements="69" coveredstatements="34" conditionals="113" coveredconditionals="42" methods="11" coveredmethods="8"/>
      <file name="article.js" path="C:\Users\azhamkochyan\Downloads\cypress-end-to-end-javascript-testing\cypress-pluralsight\Before\Conduit-Cypress\client\src\reducers\article.js">
        <metrics statements="8" coveredstatements="2" conditionals="12" coveredconditionals="2" methods="2" coveredmethods="1"/>
        <line num="9" count="18" type="cond" truecount="1" falsecount="4"/>
        <line num="11" count="0" type="stmt"/>
        <line num="17" count="0" type="stmt"/>
        <line num="19" count="0" type="stmt"/>
        <line num="27" count="0" type="stmt"/>
        <line num="28" count="0" type="stmt"/>
        <line num="30" count="0" type="stmt"/>
        <line num="33" count="18" type="stmt"/>
      </file>
      <file name="articleList.js" path="C:\Users\azhamkochyan\Downloads\cypress-end-to-end-javascript-testing\cypress-pluralsight\Before\Conduit-Cypress\client\src\reducers\articleList.js">
        <metrics statements="13" coveredstatements="6" conditionals="15" coveredconditionals="8" methods="2" coveredmethods="1"/>
        <line num="16" count="18" type="cond" truecount="7" falsecount="5"/>
        <line num="19" count="0" type="stmt"/>
        <line num="22" count="0" type="cond" truecount="0" falsecount="2"/>
        <line num="23" count="0" type="stmt"/>
        <line num="29" count="0" type="stmt"/>
        <line num="33" count="0" type="stmt"/>
        <line num="40" count="0" type="stmt"/>
        <line num="50" count="1" type="stmt"/>
        <line num="60" count="1" type="stmt"/>
        <line num="62" count="0" type="stmt"/>
        <line num="73" count="1" type="stmt"/>
        <line num="82" count="1" type="stmt"/>
        <line num="84" count="14" type="stmt"/>
      </file>
      <file name="auth.js" path="C:\Users\azhamkochyan\Downloads\cypress-end-to-end-javascript-testing\cypress-pluralsight\Before\Conduit-Cypress\client\src\reducers\auth.js">
        <metrics statements="9" coveredstatements="5" conditionals="14" coveredconditionals="6" methods="1" coveredmethods="1"/>
        <line num="11" count="18" type="cond" truecount="2" falsecount="5"/>
        <line num="14" count="0" type="stmt"/>
        <line num="21" count="0" type="stmt"/>
        <line num="23" count="4" type="cond" truecount="3" falsecount="1"/>
        <line num="24" count="0" type="stmt"/>
        <line num="26" count="4" type="stmt"/>
        <line num="28" count="0" type="stmt"/>
        <line num="30" count="14" type="stmt"/>
        <line num="33" count="4" type="stmt"/>
      </file>
      <file name="common.js" path="C:\Users\azhamkochyan\Downloads\cypress-end-to-end-javascript-testing\cypress-pluralsight\Before\Conduit-Cypress\client\src\reducers\common.js">
        <metrics statements="12" coveredstatements="5" conditionals="32" coveredconditionals="11" methods="1" coveredmethods="1"/>
        <line num="20" count="1" type="stmt"/>
        <line num="27" count="18" type="cond" truecount="8" falsecount="9"/>
        <line num="29" count="1" type="stmt"/>
        <line num="36" count="0" type="stmt"/>
        <line num="38" count="0" type="stmt"/>
        <line num="40" count="0" type="stmt"/>
        <line num="41" count="0" type="stmt"/>
        <line num="43" count="0" type="stmt"/>
        <line num="50" count="0" type="stmt"/>
        <line num="57" count="0" type="stmt"/>
        <line num="66" count="2" type="stmt"/>
        <line num="68" count="15" type="stmt"/>
      </file>
      <file name="editor.js" path="C:\Users\azhamkochyan\Downloads\cypress-end-to-end-javascript-testing\cypress-pluralsight\Before\Conduit-Cypress\client\src\reducers\editor.js">
        <metrics statements="13" coveredstatements="5" conditionals="23" coveredconditionals="4" methods="2" coveredmethods="1"/>
        <line num="12" count="18" type="cond" truecount="2" falsecount="6"/>
        <line num="14" count="0" type="stmt"/>
        <line num="24" count="0" type="stmt"/>
        <line num="26" count="0" type="stmt"/>
        <line num="32" count="4" type="cond" truecount="1" falsecount="1"/>
        <line num="33" count="0" type="stmt"/>
        <line num="35" count="4" type="stmt"/>
        <line num="37" count="0" type="stmt"/>
        <line num="43" count="0" type="stmt"/>
        <line num="45" count="0" type="stmt"/>
        <line num="48" count="0" type="stmt"/>
        <line num="50" count="14" type="stmt"/>
        <line num="53" count="4" type="stmt"/>
      </file>
      <file name="home.js" path="C:\Users\azhamkochyan\Downloads\cypress-end-to-end-javascript-testing\cypress-pluralsight\Before\Conduit-Cypress\client\src\reducers\home.js">
        <metrics statements="4" coveredstatements="4" conditionals="4" coveredconditionals="4" methods="1" coveredmethods="1"/>
        <line num="4" count="18" type="cond" truecount="3" falsecount="0"/>
        <line num="6" count="1" type="stmt"/>
        <line num="11" count="1" type="stmt"/>
        <line num="13" count="16" type="stmt"/>
      </file>
      <file name="profile.js" path="C:\Users\azhamkochyan\Downloads\cypress-end-to-end-javascript-testing\cypress-pluralsight\Before\Conduit-Cypress\client\src\reducers\profile.js">
        <metrics statements="5" coveredstatements="4" conditionals="6" coveredconditionals="4" methods="1" coveredmethods="1"/>
        <line num="9" count="18" type="cond" truecount="3" falsecount="2"/>
        <line num="11" count="1" type="stmt"/>
        <line num="15" count="1" type="stmt"/>
        <line num="18" count="0" type="stmt"/>
        <line num="22" count="16" type="stmt"/>
      </file>
      <file name="settings.js" path="C:\Users\azhamkochyan\Downloads\cypress-end-to-end-javascript-testing\cypress-pluralsight\Before\Conduit-Cypress\client\src\reducers\settings.js">
        <metrics statements="5" coveredstatements="3" conditionals="7" coveredconditionals="3" methods="1" coveredmethods="1"/>
        <line num="8" count="18" type="cond" truecount="2" falsecount="2"/>
        <line num="10" count="0" type="stmt"/>
        <line num="16" count="0" type="stmt"/>
        <line num="18" count="4" type="stmt"/>
        <line num="23" count="14" type="stmt"/>
      </file>
    </package>
  </project>
</coverage>
