{"C:\\Users\\azhamkochyan\\Downloads\\cypress-end-to-end-javascript-testing\\cypress-pluralsight\\Before\\Conduit-Cypress\\client\\src\\agent.js": {"path":"C:\\Users\\azhamkochyan\\Downloads\\cypress-end-to-end-javascript-testing\\cypress-pluralsight\\Before\\Conduit-Cypress\\client\\src\\agent.js","statementMap":{"0":{"start":{"line":4,"column":19},"end":{"line":4,"column":65}},"1":{"start":{"line":6,"column":17},"end":{"line":6,"column":44}},"2":{"start":{"line":8,"column":15},"end":{"line":8,"column":33}},"3":{"start":{"line":9,"column":21},"end":{"line":9,"column":36}},"4":{"start":{"line":9,"column":28},"end":{"line":9,"column":36}},"5":{"start":{"line":11,"column":12},"end":{"line":11,"column":16}},"6":{"start":{"line":12,"column":20},"end":{"line":16,"column":1}},"7":{"start":{"line":13,"column":2},"end":{"line":15,"column":3}},"8":{"start":{"line":14,"column":4},"end":{"line":14,"column":47}},"9":{"start":{"line":18,"column":17},"end":{"line":27,"column":1}},"10":{"start":{"line":20,"column":4},"end":{"line":20,"column":75}},"11":{"start":{"line":22,"column":4},"end":{"line":22,"column":75}},"12":{"start":{"line":24,"column":4},"end":{"line":24,"column":81}},"13":{"start":{"line":26,"column":4},"end":{"line":26,"column":82}},"14":{"start":{"line":29,"column":13},"end":{"line":38,"column":1}},"15":{"start":{"line":31,"column":4},"end":{"line":31,"column":25}},"16":{"start":{"line":33,"column":4},"end":{"line":33,"column":64}},"17":{"start":{"line":35,"column":4},"end":{"line":35,"column":68}},"18":{"start":{"line":37,"column":4},"end":{"line":37,"column":35}},"19":{"start":{"line":40,"column":13},"end":{"line":42,"column":1}},"20":{"start":{"line":41,"column":16},"end":{"line":41,"column":37}},"21":{"start":{"line":44,"column":14},"end":{"line":44,"column":72}},"22":{"start":{"line":44,"column":28},"end":{"line":44,"column":72}},"23":{"start":{"line":45,"column":17},"end":{"line":45,"column":75}},"24":{"start":{"line":45,"column":28},"end":{"line":45,"column":75}},"25":{"start":{"line":46,"column":17},"end":{"line":69,"column":1}},"26":{"start":{"line":48,"column":4},"end":{"line":48,"column":48}},"27":{"start":{"line":50,"column":4},"end":{"line":50,"column":72}},"28":{"start":{"line":52,"column":4},"end":{"line":52,"column":67}},"29":{"start":{"line":54,"column":4},"end":{"line":54,"column":37}},"30":{"start":{"line":56,"column":4},"end":{"line":56,"column":47}},"31":{"start":{"line":58,"column":4},"end":{"line":58,"column":75}},"32":{"start":{"line":60,"column":4},"end":{"line":60,"column":52}},"33":{"start":{"line":62,"column":4},"end":{"line":62,"column":37}},"34":{"start":{"line":64,"column":4},"end":{"line":64,"column":46}},"35":{"start":{"line":66,"column":4},"end":{"line":66,"column":77}},"36":{"start":{"line":68,"column":4},"end":{"line":68,"column":43}},"37":{"start":{"line":71,"column":17},"end":{"line":78,"column":1}},"38":{"start":{"line":73,"column":4},"end":{"line":73,"column":60}},"39":{"start":{"line":75,"column":4},"end":{"line":75,"column":59}},"40":{"start":{"line":77,"column":4},"end":{"line":77,"column":46}},"41":{"start":{"line":80,"column":16},"end":{"line":87,"column":1}},"42":{"start":{"line":82,"column":4},"end":{"line":82,"column":49}},"43":{"start":{"line":84,"column":4},"end":{"line":84,"column":41}},"44":{"start":{"line":86,"column":4},"end":{"line":86,"column":48}},"45":{"start":{"line":95,"column":24},"end":{"line":95,"column":39}}},"fnMap":{"0":{"name":"(anonymous_0)","decl":{"start":{"line":9,"column":21},"end":{"line":9,"column":22}},"loc":{"start":{"line":9,"column":28},"end":{"line":9,"column":36}},"line":9},"1":{"name":"(anonymous_1)","decl":{"start":{"line":12,"column":20},"end":{"line":12,"column":21}},"loc":{"start":{"line":12,"column":27},"end":{"line":16,"column":1}},"line":12},"2":{"name":"(anonymous_2)","decl":{"start":{"line":19,"column":7},"end":{"line":19,"column":8}},"loc":{"start":{"line":20,"column":4},"end":{"line":20,"column":75}},"line":20},"3":{"name":"(anonymous_3)","decl":{"start":{"line":21,"column":7},"end":{"line":21,"column":8}},"loc":{"start":{"line":22,"column":4},"end":{"line":22,"column":75}},"line":22},"4":{"name":"(anonymous_4)","decl":{"start":{"line":23,"column":7},"end":{"line":23,"column":8}},"loc":{"start":{"line":24,"column":4},"end":{"line":24,"column":81}},"line":24},"5":{"name":"(anonymous_5)","decl":{"start":{"line":25,"column":8},"end":{"line":25,"column":9}},"loc":{"start":{"line":26,"column":4},"end":{"line":26,"column":82}},"line":26},"6":{"name":"(anonymous_6)","decl":{"start":{"line":30,"column":11},"end":{"line":30,"column":12}},"loc":{"start":{"line":31,"column":4},"end":{"line":31,"column":25}},"line":31},"7":{"name":"(anonymous_7)","decl":{"start":{"line":32,"column":9},"end":{"line":32,"column":10}},"loc":{"start":{"line":33,"column":4},"end":{"line":33,"column":64}},"line":33},"8":{"name":"(anonymous_8)","decl":{"start":{"line":34,"column":12},"end":{"line":34,"column":13}},"loc":{"start":{"line":35,"column":4},"end":{"line":35,"column":68}},"line":35},"9":{"name":"(anonymous_9)","decl":{"start":{"line":36,"column":8},"end":{"line":36,"column":9}},"loc":{"start":{"line":37,"column":4},"end":{"line":37,"column":35}},"line":37},"10":{"name":"(anonymous_10)","decl":{"start":{"line":41,"column":10},"end":{"line":41,"column":11}},"loc":{"start":{"line":41,"column":16},"end":{"line":41,"column":37}},"line":41},"11":{"name":"(anonymous_11)","decl":{"start":{"line":44,"column":14},"end":{"line":44,"column":15}},"loc":{"start":{"line":44,"column":28},"end":{"line":44,"column":72}},"line":44},"12":{"name":"(anonymous_12)","decl":{"start":{"line":45,"column":17},"end":{"line":45,"column":18}},"loc":{"start":{"line":45,"column":28},"end":{"line":45,"column":75}},"line":45},"13":{"name":"(anonymous_13)","decl":{"start":{"line":47,"column":7},"end":{"line":47,"column":8}},"loc":{"start":{"line":48,"column":4},"end":{"line":48,"column":48}},"line":48},"14":{"name":"(anonymous_14)","decl":{"start":{"line":49,"column":12},"end":{"line":49,"column":13}},"loc":{"start":{"line":50,"column":4},"end":{"line":50,"column":72}},"line":50},"15":{"name":"(anonymous_15)","decl":{"start":{"line":51,"column":9},"end":{"line":51,"column":10}},"loc":{"start":{"line":52,"column":4},"end":{"line":52,"column":67}},"line":52},"16":{"name":"(anonymous_16)","decl":{"start":{"line":53,"column":7},"end":{"line":53,"column":8}},"loc":{"start":{"line":54,"column":4},"end":{"line":54,"column":37}},"line":54},"17":{"name":"(anonymous_17)","decl":{"start":{"line":55,"column":12},"end":{"line":55,"column":13}},"loc":{"start":{"line":56,"column":4},"end":{"line":56,"column":47}},"line":56},"18":{"name":"(anonymous_18)","decl":{"start":{"line":57,"column":15},"end":{"line":57,"column":16}},"loc":{"start":{"line":58,"column":4},"end":{"line":58,"column":75}},"line":58},"19":{"name":"(anonymous_19)","decl":{"start":{"line":59,"column":8},"end":{"line":59,"column":9}},"loc":{"start":{"line":60,"column":4},"end":{"line":60,"column":52}},"line":60},"20":{"name":"(anonymous_20)","decl":{"start":{"line":61,"column":7},"end":{"line":61,"column":8}},"loc":{"start":{"line":62,"column":4},"end":{"line":62,"column":37}},"line":62},"21":{"name":"(anonymous_21)","decl":{"start":{"line":63,"column":14},"end":{"line":63,"column":15}},"loc":{"start":{"line":64,"column":4},"end":{"line":64,"column":46}},"line":64},"22":{"name":"(anonymous_22)","decl":{"start":{"line":65,"column":10},"end":{"line":65,"column":11}},"loc":{"start":{"line":66,"column":4},"end":{"line":66,"column":77}},"line":66},"23":{"name":"(anonymous_23)","decl":{"start":{"line":67,"column":10},"end":{"line":67,"column":11}},"loc":{"start":{"line":68,"column":4},"end":{"line":68,"column":43}},"line":68},"24":{"name":"(anonymous_24)","decl":{"start":{"line":72,"column":10},"end":{"line":72,"column":11}},"loc":{"start":{"line":73,"column":4},"end":{"line":73,"column":60}},"line":73},"25":{"name":"(anonymous_25)","decl":{"start":{"line":74,"column":10},"end":{"line":74,"column":11}},"loc":{"start":{"line":75,"column":4},"end":{"line":75,"column":59}},"line":75},"26":{"name":"(anonymous_26)","decl":{"start":{"line":76,"column":14},"end":{"line":76,"column":15}},"loc":{"start":{"line":77,"column":4},"end":{"line":77,"column":46}},"line":77},"27":{"name":"(anonymous_27)","decl":{"start":{"line":81,"column":10},"end":{"line":81,"column":11}},"loc":{"start":{"line":82,"column":4},"end":{"line":82,"column":49}},"line":82},"28":{"name":"(anonymous_28)","decl":{"start":{"line":83,"column":7},"end":{"line":83,"column":8}},"loc":{"start":{"line":84,"column":4},"end":{"line":84,"column":41}},"line":84},"29":{"name":"(anonymous_29)","decl":{"start":{"line":85,"column":12},"end":{"line":85,"column":13}},"loc":{"start":{"line":86,"column":4},"end":{"line":86,"column":48}},"line":86},"30":{"name":"(anonymous_30)","decl":{"start":{"line":95,"column":12},"end":{"line":95,"column":13}},"loc":{"start":{"line":95,"column":22},"end":{"line":95,"column":41}},"line":95}},"branchMap":{"0":{"loc":{"start":{"line":13,"column":2},"end":{"line":15,"column":3}},"type":"if","locations":[{"start":{"line":13,"column":2},"end":{"line":15,"column":3}},{"start":{"line":13,"column":2},"end":{"line":15,"column":3}}],"line":13},"1":{"loc":{"start":{"line":44,"column":53},"end":{"line":44,"column":70}},"type":"cond-expr","locations":[{"start":{"line":44,"column":57},"end":{"line":44,"column":66}},{"start":{"line":44,"column":69},"end":{"line":44,"column":70}}],"line":44}},"s":{"0":1,"1":1,"2":1,"3":1,"4":5,"5":1,"6":1,"7":6,"8":6,"9":1,"10":0,"11":5,"12":1,"13":0,"14":1,"15":1,"16":0,"17":0,"18":1,"19":1,"20":1,"21":1,"22":1,"23":1,"24":0,"25":1,"26":0,"27":1,"28":0,"29":0,"30":0,"31":0,"32":1,"33":0,"34":0,"35":0,"36":0,"37":1,"38":0,"39":0,"40":0,"41":1,"42":0,"43":1,"44":0,"45":1},"f":{"0":5,"1":6,"2":0,"3":5,"4":1,"5":0,"6":1,"7":0,"8":0,"9":1,"10":1,"11":1,"12":0,"13":0,"14":1,"15":0,"16":0,"17":0,"18":0,"19":1,"20":0,"21":0,"22":0,"23":0,"24":0,"25":0,"26":0,"27":0,"28":1,"29":0,"30":1},"b":{"0":[6,0],"1":[0,1]},"_coverageSchema":"43e27e138ebf9cfc5966b082cf9a028302ed4184","hash":"0a7022413afb7b7764e129f122ec21262a83b795"}
,"C:\\Users\\azhamkochyan\\Downloads\\cypress-end-to-end-javascript-testing\\cypress-pluralsight\\Before\\Conduit-Cypress\\client\\src\\index.js": {"path":"C:\\Users\\azhamkochyan\\Downloads\\cypress-end-to-end-javascript-testing\\cypress-pluralsight\\Before\\Conduit-Cypress\\client\\src\\index.js","statementMap":{"0":{"start":{"line":16,"column":0},"end":{"line":19,"column":1}},"1":{"start":{"line":17,"column":2},"end":{"line":17,"column":22}},"2":{"start":{"line":18,"column":2},"end":{"line":18,"column":22}},"3":{"start":{"line":21,"column":0},"end":{"line":31,"column":1}}},"fnMap":{},"branchMap":{"0":{"loc":{"start":{"line":16,"column":0},"end":{"line":19,"column":1}},"type":"if","locations":[{"start":{"line":16,"column":0},"end":{"line":19,"column":1}}],"line":16}},"s":{"0":1,"1":1,"2":1,"3":1},"f":{},"b":{"0":[1]},"_coverageSchema":"43e27e138ebf9cfc5966b082cf9a028302ed4184","hash":"f32ef07008a5369a7935a1c55d53039de0316a87"}
,"C:\\Users\\azhamkochyan\\Downloads\\cypress-end-to-end-javascript-testing\\cypress-pluralsight\\Before\\Conduit-Cypress\\client\\src\\middleware.js": {"path":"C:\\Users\\azhamkochyan\\Downloads\\cypress-end-to-end-javascript-testing\\cypress-pluralsight\\Before\\Conduit-Cypress\\client\\src\\middleware.js","statementMap":{"0":{"start":{"line":11,"column":26},"end":{"line":52,"column":1}},"1":{"start":{"line":11,"column":35},"end":{"line":52,"column":1}},"2":{"start":{"line":11,"column":43},"end":{"line":52,"column":1}},"3":{"start":{"line":12,"column":2},"end":{"line":49,"column":3}},"4":{"start":{"line":13,"column":4},"end":{"line":13,"column":64}},"5":{"start":{"line":15,"column":24},"end":{"line":15,"column":58}},"6":{"start":{"line":16,"column":25},"end":{"line":16,"column":44}},"7":{"start":{"line":18,"column":4},"end":{"line":46,"column":6}},"8":{"start":{"line":20,"column":29},"end":{"line":20,"column":45}},"9":{"start":{"line":21,"column":8},"end":{"line":23,"column":9}},"10":{"start":{"line":22,"column":10},"end":{"line":22,"column":16}},"11":{"start":{"line":24,"column":8},"end":{"line":24,"column":35}},"12":{"start":{"line":25,"column":8},"end":{"line":25,"column":29}},"13":{"start":{"line":26,"column":8},"end":{"line":26,"column":69}},"14":{"start":{"line":27,"column":8},"end":{"line":27,"column":31}},"15":{"start":{"line":30,"column":29},"end":{"line":30,"column":45}},"16":{"start":{"line":31,"column":8},"end":{"line":33,"column":9}},"17":{"start":{"line":32,"column":10},"end":{"line":32,"column":16}},"18":{"start":{"line":34,"column":8},"end":{"line":34,"column":36}},"19":{"start":{"line":35,"column":8},"end":{"line":35,"column":28}},"20":{"start":{"line":36,"column":8},"end":{"line":36,"column":45}},"21":{"start":{"line":37,"column":8},"end":{"line":43,"column":9}},"22":{"start":{"line":38,"column":10},"end":{"line":38,"column":41}},"23":{"start":{"line":39,"column":10},"end":{"line":39,"column":43}},"24":{"start":{"line":40,"column":10},"end":{"line":40,"column":17}},"25":{"start":{"line":41,"column":15},"end":{"line":43,"column":9}},"26":{"start":{"line":42,"column":10},"end":{"line":42,"column":71}},"27":{"start":{"line":44,"column":8},"end":{"line":44,"column":31}},"28":{"start":{"line":48,"column":4},"end":{"line":48,"column":11}},"29":{"start":{"line":51,"column":2},"end":{"line":51,"column":15}},"30":{"start":{"line":54,"column":31},"end":{"line":66,"column":1}},"31":{"start":{"line":54,"column":40},"end":{"line":66,"column":1}},"32":{"start":{"line":54,"column":48},"end":{"line":66,"column":1}},"33":{"start":{"line":55,"column":2},"end":{"line":63,"column":3}},"34":{"start":{"line":56,"column":4},"end":{"line":59,"column":5}},"35":{"start":{"line":57,"column":6},"end":{"line":57,"column":68}},"36":{"start":{"line":58,"column":6},"end":{"line":58,"column":48}},"37":{"start":{"line":60,"column":9},"end":{"line":63,"column":3}},"38":{"start":{"line":61,"column":4},"end":{"line":61,"column":43}},"39":{"start":{"line":62,"column":4},"end":{"line":62,"column":25}},"40":{"start":{"line":65,"column":2},"end":{"line":65,"column":15}},"41":{"start":{"line":69,"column":2},"end":{"line":69,"column":43}}},"fnMap":{"0":{"name":"(anonymous_0)","decl":{"start":{"line":11,"column":26},"end":{"line":11,"column":27}},"loc":{"start":{"line":11,"column":35},"end":{"line":52,"column":1}},"line":11},"1":{"name":"(anonymous_1)","decl":{"start":{"line":11,"column":35},"end":{"line":11,"column":36}},"loc":{"start":{"line":11,"column":43},"end":{"line":52,"column":1}},"line":11},"2":{"name":"(anonymous_2)","decl":{"start":{"line":11,"column":43},"end":{"line":11,"column":44}},"loc":{"start":{"line":11,"column":53},"end":{"line":52,"column":1}},"line":11},"3":{"name":"(anonymous_3)","decl":{"start":{"line":19,"column":6},"end":{"line":19,"column":7}},"loc":{"start":{"line":19,"column":13},"end":{"line":28,"column":7}},"line":19},"4":{"name":"(anonymous_4)","decl":{"start":{"line":29,"column":6},"end":{"line":29,"column":7}},"loc":{"start":{"line":29,"column":15},"end":{"line":45,"column":7}},"line":29},"5":{"name":"(anonymous_5)","decl":{"start":{"line":54,"column":31},"end":{"line":54,"column":32}},"loc":{"start":{"line":54,"column":40},"end":{"line":66,"column":1}},"line":54},"6":{"name":"(anonymous_6)","decl":{"start":{"line":54,"column":40},"end":{"line":54,"column":41}},"loc":{"start":{"line":54,"column":48},"end":{"line":66,"column":1}},"line":54},"7":{"name":"(anonymous_7)","decl":{"start":{"line":54,"column":48},"end":{"line":54,"column":49}},"loc":{"start":{"line":54,"column":58},"end":{"line":66,"column":1}},"line":54},"8":{"name":"isPromise","decl":{"start":{"line":68,"column":9},"end":{"line":68,"column":18}},"loc":{"start":{"line":68,"column":22},"end":{"line":70,"column":1}},"line":68}},"branchMap":{"0":{"loc":{"start":{"line":12,"column":2},"end":{"line":49,"column":3}},"type":"if","locations":[{"start":{"line":12,"column":2},"end":{"line":49,"column":3}},{"start":{"line":12,"column":2},"end":{"line":49,"column":3}}],"line":12},"1":{"loc":{"start":{"line":21,"column":8},"end":{"line":23,"column":9}},"type":"if","locations":[{"start":{"line":21,"column":8},"end":{"line":23,"column":9}},{"start":{"line":21,"column":8},"end":{"line":23,"column":9}}],"line":21},"2":{"loc":{"start":{"line":21,"column":12},"end":{"line":21,"column":75}},"type":"binary-expr","locations":[{"start":{"line":21,"column":12},"end":{"line":21,"column":25}},{"start":{"line":21,"column":29},"end":{"line":21,"column":75}}],"line":21},"3":{"loc":{"start":{"line":31,"column":8},"end":{"line":33,"column":9}},"type":"if","locations":[{"start":{"line":31,"column":8},"end":{"line":33,"column":9}},{"start":{"line":31,"column":8},"end":{"line":33,"column":9}}],"line":31},"4":{"loc":{"start":{"line":31,"column":12},"end":{"line":31,"column":75}},"type":"binary-expr","locations":[{"start":{"line":31,"column":12},"end":{"line":31,"column":25}},{"start":{"line":31,"column":29},"end":{"line":31,"column":75}}],"line":31},"5":{"loc":{"start":{"line":37,"column":8},"end":{"line":43,"column":9}},"type":"if","locations":[{"start":{"line":37,"column":8},"end":{"line":43,"column":9}},{"start":{"line":37,"column":8},"end":{"line":43,"column":9}}],"line":37},"6":{"loc":{"start":{"line":41,"column":15},"end":{"line":43,"column":9}},"type":"if","locations":[{"start":{"line":41,"column":15},"end":{"line":43,"column":9}},{"start":{"line":41,"column":15},"end":{"line":43,"column":9}}],"line":41},"7":{"loc":{"start":{"line":55,"column":2},"end":{"line":63,"column":3}},"type":"if","locations":[{"start":{"line":55,"column":2},"end":{"line":63,"column":3}},{"start":{"line":55,"column":2},"end":{"line":63,"column":3}}],"line":55},"8":{"loc":{"start":{"line":55,"column":6},"end":{"line":55,"column":55}},"type":"binary-expr","locations":[{"start":{"line":55,"column":6},"end":{"line":55,"column":30}},{"start":{"line":55,"column":34},"end":{"line":55,"column":55}}],"line":55},"9":{"loc":{"start":{"line":56,"column":4},"end":{"line":59,"column":5}},"type":"if","locations":[{"start":{"line":56,"column":4},"end":{"line":59,"column":5}},{"start":{"line":56,"column":4},"end":{"line":59,"column":5}}],"line":56},"10":{"loc":{"start":{"line":60,"column":9},"end":{"line":63,"column":3}},"type":"if","locations":[{"start":{"line":60,"column":9},"end":{"line":63,"column":3}},{"start":{"line":60,"column":9},"end":{"line":63,"column":3}}],"line":60},"11":{"loc":{"start":{"line":69,"column":9},"end":{"line":69,"column":42}},"type":"binary-expr","locations":[{"start":{"line":69,"column":9},"end":{"line":69,"column":10}},{"start":{"line":69,"column":14},"end":{"line":69,"column":42}}],"line":69}},"s":{"0":1,"1":1,"2":1,"3":19,"4":4,"5":4,"6":4,"7":4,"8":3,"9":3,"10":0,"11":3,"12":3,"13":3,"14":3,"15":0,"16":0,"17":0,"18":0,"19":0,"20":0,"21":0,"22":0,"23":0,"24":0,"25":0,"26":0,"27":0,"28":4,"29":15,"30":1,"31":1,"32":1,"33":15,"34":0,"35":0,"36":0,"37":15,"38":0,"39":0,"40":15,"41":19},"f":{"0":1,"1":1,"2":19,"3":3,"4":0,"5":1,"6":1,"7":15,"8":19},"b":{"0":[4,15],"1":[0,3],"2":[3,2],"3":[0,0],"4":[0,0],"5":[0,0],"6":[0,0],"7":[0,15],"8":[15,15],"9":[0,0],"10":[0,15],"11":[19,10]},"_coverageSchema":"43e27e138ebf9cfc5966b082cf9a028302ed4184","hash":"353fc1d6763ef51b7b1ed96f4d1aa44e0b40c595"}
,"C:\\Users\\azhamkochyan\\Downloads\\cypress-end-to-end-javascript-testing\\cypress-pluralsight\\Before\\Conduit-Cypress\\client\\src\\reducer.js": {"path":"C:\\Users\\azhamkochyan\\Downloads\\cypress-end-to-end-javascript-testing\\cypress-pluralsight\\Before\\Conduit-Cypress\\client\\src\\reducer.js","statementMap":{},"fnMap":{},"branchMap":{},"s":{},"f":{},"b":{},"_coverageSchema":"43e27e138ebf9cfc5966b082cf9a028302ed4184","hash":"821c55036a08b14ce85aeb55ffc9210cf647055e"}
,"C:\\Users\\azhamkochyan\\Downloads\\cypress-end-to-end-javascript-testing\\cypress-pluralsight\\Before\\Conduit-Cypress\\client\\src\\store.js": {"path":"C:\\Users\\azhamkochyan\\Downloads\\cypress-end-to-end-javascript-testing\\cypress-pluralsight\\Before\\Conduit-Cypress\\client\\src\\store.js","statementMap":{"0":{"start":{"line":10,"column":23},"end":{"line":10,"column":45}},"1":{"start":{"line":13,"column":27},"end":{"line":13,"column":52}},"2":{"start":{"line":15,"column":22},"end":{"line":34,"column":1}},"3":{"start":{"line":19,"column":2},"end":{"line":33,"column":3}},"4":{"start":{"line":27,"column":4},"end":{"line":32,"column":5}},"5":{"start":{"line":36,"column":21},"end":{"line":36,"column":79}}},"fnMap":{"0":{"name":"(anonymous_0)","decl":{"start":{"line":15,"column":22},"end":{"line":15,"column":23}},"loc":{"start":{"line":15,"column":28},"end":{"line":34,"column":1}},"line":15}},"branchMap":{"0":{"loc":{"start":{"line":19,"column":2},"end":{"line":33,"column":3}},"type":"if","locations":[{"start":{"line":19,"column":2},"end":{"line":33,"column":3}}],"line":19}},"s":{"0":1,"1":1,"2":1,"3":1,"4":1,"5":1},"f":{"0":1},"b":{"0":[1]},"_coverageSchema":"43e27e138ebf9cfc5966b082cf9a028302ed4184","hash":"a66fef35d744c646b34c1a3e4f1782546a74bac6"}
,"C:\\Users\\azhamkochyan\\Downloads\\cypress-end-to-end-javascript-testing\\cypress-pluralsight\\Before\\Conduit-Cypress\\client\\src\\components\\App.js": {"path":"C:\\Users\\azhamkochyan\\Downloads\\cypress-end-to-end-javascript-testing\\cypress-pluralsight\\Before\\Conduit-Cypress\\client\\src\\components\\App.js","statementMap":{"0":{"start":{"line":18,"column":24},"end":{"line":24,"column":4}},"1":{"start":{"line":19,"column":2},"end":{"line":24,"column":3}},"2":{"start":{"line":26,"column":27},"end":{"line":31,"column":2}},"3":{"start":{"line":26,"column":40},"end":{"line":31,"column":1}},"4":{"start":{"line":28,"column":4},"end":{"line":28,"column":68}},"5":{"start":{"line":30,"column":4},"end":{"line":30,"column":32}},"6":{"start":{"line":35,"column":4},"end":{"line":39,"column":5}},"7":{"start":{"line":37,"column":6},"end":{"line":37,"column":49}},"8":{"start":{"line":38,"column":6},"end":{"line":38,"column":30}},"9":{"start":{"line":43,"column":18},"end":{"line":43,"column":52}},"10":{"start":{"line":44,"column":4},"end":{"line":46,"column":5}},"11":{"start":{"line":45,"column":6},"end":{"line":45,"column":28}},"12":{"start":{"line":48,"column":4},"end":{"line":48,"column":66}},"13":{"start":{"line":52,"column":4},"end":{"line":71,"column":5}},"14":{"start":{"line":53,"column":6},"end":{"line":70,"column":8}},"15":{"start":{"line":72,"column":4},"end":{"line":78,"column":6}}},"fnMap":{"0":{"name":"(anonymous_0)","decl":{"start":{"line":18,"column":24},"end":{"line":18,"column":25}},"loc":{"start":{"line":18,"column":33},"end":{"line":24,"column":4}},"line":18},"1":{"name":"(anonymous_1)","decl":{"start":{"line":26,"column":27},"end":{"line":26,"column":28}},"loc":{"start":{"line":26,"column":40},"end":{"line":31,"column":1}},"line":26},"2":{"name":"(anonymous_2)","decl":{"start":{"line":27,"column":10},"end":{"line":27,"column":11}},"loc":{"start":{"line":28,"column":4},"end":{"line":28,"column":68}},"line":28},"3":{"name":"(anonymous_3)","decl":{"start":{"line":29,"column":14},"end":{"line":29,"column":15}},"loc":{"start":{"line":30,"column":4},"end":{"line":30,"column":32}},"line":30},"4":{"name":"(anonymous_4)","decl":{"start":{"line":34,"column":2},"end":{"line":34,"column":3}},"loc":{"start":{"line":34,"column":39},"end":{"line":40,"column":3}},"line":34},"5":{"name":"(anonymous_5)","decl":{"start":{"line":42,"column":2},"end":{"line":42,"column":3}},"loc":{"start":{"line":42,"column":23},"end":{"line":49,"column":3}},"line":42},"6":{"name":"(anonymous_6)","decl":{"start":{"line":51,"column":2},"end":{"line":51,"column":3}},"loc":{"start":{"line":51,"column":11},"end":{"line":79,"column":3}},"line":51}},"branchMap":{"0":{"loc":{"start":{"line":35,"column":4},"end":{"line":39,"column":5}},"type":"if","locations":[{"start":{"line":35,"column":4},"end":{"line":39,"column":5}},{"start":{"line":35,"column":4},"end":{"line":39,"column":5}}],"line":35},"1":{"loc":{"start":{"line":44,"column":4},"end":{"line":46,"column":5}},"type":"if","locations":[{"start":{"line":44,"column":4},"end":{"line":46,"column":5}},{"start":{"line":44,"column":4},"end":{"line":46,"column":5}}],"line":44},"2":{"loc":{"start":{"line":48,"column":22},"end":{"line":48,"column":57}},"type":"cond-expr","locations":[{"start":{"line":48,"column":30},"end":{"line":48,"column":50}},{"start":{"line":48,"column":53},"end":{"line":48,"column":57}}],"line":48},"3":{"loc":{"start":{"line":52,"column":4},"end":{"line":71,"column":5}},"type":"if","locations":[{"start":{"line":52,"column":4},"end":{"line":71,"column":5}},{"start":{"line":52,"column":4},"end":{"line":71,"column":5}}],"line":52}},"s":{"0":1,"1":12,"2":1,"3":1,"4":1,"5":0,"6":3,"7":0,"8":0,"9":1,"10":1,"11":1,"12":1,"13":4,"14":3,"15":1},"f":{"0":12,"1":1,"2":1,"3":0,"4":3,"5":1,"6":4},"b":{"0":[0,3],"1":[1,0],"2":[1,0],"3":[3,1]},"_coverageSchema":"43e27e138ebf9cfc5966b082cf9a028302ed4184","hash":"af5123767d99fa873b3b4b132cb048db58dbd382"}
,"C:\\Users\\azhamkochyan\\Downloads\\cypress-end-to-end-javascript-testing\\cypress-pluralsight\\Before\\Conduit-Cypress\\client\\src\\components\\ArticleList.js": {"path":"C:\\Users\\azhamkochyan\\Downloads\\cypress-end-to-end-javascript-testing\\cypress-pluralsight\\Before\\Conduit-Cypress\\client\\src\\components\\ArticleList.js","statementMap":{"0":{"start":{"line":5,"column":20},"end":{"line":36,"column":1}},"1":{"start":{"line":6,"column":2},"end":{"line":10,"column":3}},"2":{"start":{"line":7,"column":4},"end":{"line":9,"column":6}},"3":{"start":{"line":12,"column":2},"end":{"line":18,"column":3}},"4":{"start":{"line":13,"column":4},"end":{"line":17,"column":6}},"5":{"start":{"line":20,"column":2},"end":{"line":35,"column":4}},"6":{"start":{"line":24,"column":10},"end":{"line":26,"column":12}}},"fnMap":{"0":{"name":"(anonymous_0)","decl":{"start":{"line":5,"column":20},"end":{"line":5,"column":21}},"loc":{"start":{"line":5,"column":29},"end":{"line":36,"column":1}},"line":5},"1":{"name":"(anonymous_1)","decl":{"start":{"line":23,"column":27},"end":{"line":23,"column":28}},"loc":{"start":{"line":23,"column":38},"end":{"line":27,"column":9}},"line":23}},"branchMap":{"0":{"loc":{"start":{"line":6,"column":2},"end":{"line":10,"column":3}},"type":"if","locations":[{"start":{"line":6,"column":2},"end":{"line":10,"column":3}},{"start":{"line":6,"column":2},"end":{"line":10,"column":3}}],"line":6},"1":{"loc":{"start":{"line":12,"column":2},"end":{"line":18,"column":3}},"type":"if","locations":[{"start":{"line":12,"column":2},"end":{"line":18,"column":3}},{"start":{"line":12,"column":2},"end":{"line":18,"column":3}}],"line":12}},"s":{"0":1,"1":5,"2":2,"3":3,"4":3,"5":0,"6":0},"f":{"0":5,"1":0},"b":{"0":[2,3],"1":[3,0]},"_coverageSchema":"43e27e138ebf9cfc5966b082cf9a028302ed4184","hash":"b575715908e852e837a2dc28cdd4ea5bde44f884"}
,"C:\\Users\\azhamkochyan\\Downloads\\cypress-end-to-end-javascript-testing\\cypress-pluralsight\\Before\\Conduit-Cypress\\client\\src\\components\\ArticlePreview.js": {"path":"C:\\Users\\azhamkochyan\\Downloads\\cypress-end-to-end-javascript-testing\\cypress-pluralsight\\Before\\Conduit-Cypress\\client\\src\\components\\ArticlePreview.js","statementMap":{"0":{"start":{"line":10,"column":24},"end":{"line":10,"column":48}},"1":{"start":{"line":11,"column":28},"end":{"line":11,"column":60}},"2":{"start":{"line":13,"column":27},"end":{"line":24,"column":2}},"3":{"start":{"line":13,"column":40},"end":{"line":24,"column":1}},"4":{"start":{"line":15,"column":4},"end":{"line":18,"column":6}},"5":{"start":{"line":20,"column":4},"end":{"line":23,"column":6}},"6":{"start":{"line":26,"column":23},"end":{"line":84,"column":1}},"7":{"start":{"line":27,"column":18},"end":{"line":27,"column":31}},"8":{"start":{"line":28,"column":30},"end":{"line":30,"column":25}},"9":{"start":{"line":32,"column":22},"end":{"line":39,"column":3}},"10":{"start":{"line":33,"column":4},"end":{"line":33,"column":23}},"11":{"start":{"line":34,"column":4},"end":{"line":38,"column":5}},"12":{"start":{"line":35,"column":6},"end":{"line":35,"column":36}},"13":{"start":{"line":37,"column":6},"end":{"line":37,"column":34}},"14":{"start":{"line":41,"column":2},"end":{"line":83,"column":3}},"15":{"start":{"line":74,"column":12},"end":{"line":78,"column":13}},"16":{"start":{"line":87,"column":9},"end":{"line":87,"column":11}}},"fnMap":{"0":{"name":"(anonymous_0)","decl":{"start":{"line":13,"column":27},"end":{"line":13,"column":28}},"loc":{"start":{"line":13,"column":40},"end":{"line":24,"column":1}},"line":13},"1":{"name":"(anonymous_1)","decl":{"start":{"line":14,"column":12},"end":{"line":14,"column":13}},"loc":{"start":{"line":15,"column":4},"end":{"line":18,"column":6}},"line":15},"2":{"name":"(anonymous_2)","decl":{"start":{"line":19,"column":14},"end":{"line":19,"column":15}},"loc":{"start":{"line":20,"column":4},"end":{"line":23,"column":6}},"line":20},"3":{"name":"(anonymous_3)","decl":{"start":{"line":26,"column":23},"end":{"line":26,"column":24}},"loc":{"start":{"line":26,"column":32},"end":{"line":84,"column":1}},"line":26},"4":{"name":"(anonymous_4)","decl":{"start":{"line":32,"column":22},"end":{"line":32,"column":23}},"loc":{"start":{"line":32,"column":28},"end":{"line":39,"column":3}},"line":32},"5":{"name":"(anonymous_5)","decl":{"start":{"line":73,"column":31},"end":{"line":73,"column":32}},"loc":{"start":{"line":73,"column":38},"end":{"line":79,"column":11}},"line":73},"6":{"name":"(anonymous_6)","decl":{"start":{"line":87,"column":2},"end":{"line":87,"column":3}},"loc":{"start":{"line":87,"column":9},"end":{"line":87,"column":11}},"line":87}},"branchMap":{"0":{"loc":{"start":{"line":28,"column":30},"end":{"line":30,"column":25}},"type":"cond-expr","locations":[{"start":{"line":29,"column":6},"end":{"line":29,"column":21}},{"start":{"line":30,"column":6},"end":{"line":30,"column":25}}],"line":28},"1":{"loc":{"start":{"line":34,"column":4},"end":{"line":38,"column":5}},"type":"if","locations":[{"start":{"line":34,"column":4},"end":{"line":38,"column":5}},{"start":{"line":34,"column":4},"end":{"line":38,"column":5}}],"line":34}},"s":{"0":1,"1":1,"2":1,"3":0,"4":0,"5":0,"6":1,"7":0,"8":0,"9":0,"10":0,"11":0,"12":0,"13":0,"14":0,"15":0,"16":0},"f":{"0":0,"1":0,"2":0,"3":0,"4":0,"5":0,"6":0},"b":{"0":[0,0],"1":[0,0]},"_coverageSchema":"43e27e138ebf9cfc5966b082cf9a028302ed4184","hash":"022d49491ec7761fa1959e23066083a9815573a4"}
,"C:\\Users\\azhamkochyan\\Downloads\\cypress-end-to-end-javascript-testing\\cypress-pluralsight\\Before\\Conduit-Cypress\\client\\src\\components\\Editor.js": {"path":"C:\\Users\\azhamkochyan\\Downloads\\cypress-end-to-end-javascript-testing\\cypress-pluralsight\\Before\\Conduit-Cypress\\client\\src\\components\\Editor.js","statementMap":{"0":{"start":{"line":14,"column":24},"end":{"line":16,"column":2}},"1":{"start":{"line":14,"column":34},"end":{"line":16,"column":1}},"2":{"start":{"line":18,"column":27},"end":{"line":26,"column":2}},"3":{"start":{"line":18,"column":40},"end":{"line":26,"column":1}},"4":{"start":{"line":19,"column":18},"end":{"line":19,"column":45}},"5":{"start":{"line":20,"column":21},"end":{"line":20,"column":68}},"6":{"start":{"line":21,"column":22},"end":{"line":21,"column":57}},"7":{"start":{"line":22,"column":23},"end":{"line":22,"column":69}},"8":{"start":{"line":23,"column":23},"end":{"line":23,"column":63}},"9":{"start":{"line":25,"column":4},"end":{"line":25,"column":55}},"10":{"start":{"line":30,"column":4},"end":{"line":30,"column":11}},"11":{"start":{"line":32,"column":29},"end":{"line":33,"column":52}},"12":{"start":{"line":32,"column":36},"end":{"line":33,"column":52}},"13":{"start":{"line":33,"column":6},"end":{"line":33,"column":52}},"14":{"start":{"line":34,"column":4},"end":{"line":34,"column":48}},"15":{"start":{"line":35,"column":4},"end":{"line":35,"column":60}},"16":{"start":{"line":36,"column":4},"end":{"line":36,"column":46}},"17":{"start":{"line":37,"column":4},"end":{"line":37,"column":54}},"18":{"start":{"line":39,"column":4},"end":{"line":44,"column":5}},"19":{"start":{"line":40,"column":6},"end":{"line":43,"column":7}},"20":{"start":{"line":41,"column":8},"end":{"line":41,"column":27}},"21":{"start":{"line":42,"column":8},"end":{"line":42,"column":29}},"22":{"start":{"line":46,"column":4},"end":{"line":48,"column":5}},"23":{"start":{"line":46,"column":35},"end":{"line":48,"column":5}},"24":{"start":{"line":47,"column":6},"end":{"line":47,"column":33}},"25":{"start":{"line":50,"column":4},"end":{"line":65,"column":5}},"26":{"start":{"line":51,"column":6},"end":{"line":51,"column":25}},"27":{"start":{"line":52,"column":22},"end":{"line":57,"column":7}},"28":{"start":{"line":59,"column":19},"end":{"line":59,"column":51}},"29":{"start":{"line":60,"column":22},"end":{"line":62,"column":40}},"30":{"start":{"line":64,"column":6},"end":{"line":64,"column":34}},"31":{"start":{"line":69,"column":4},"end":{"line":77,"column":5}},"32":{"start":{"line":70,"column":6},"end":{"line":75,"column":7}},"33":{"start":{"line":71,"column":8},"end":{"line":71,"column":29}},"34":{"start":{"line":72,"column":8},"end":{"line":74,"column":9}},"35":{"start":{"line":76,"column":6},"end":{"line":76,"column":29}},"36":{"start":{"line":81,"column":4},"end":{"line":83,"column":5}},"37":{"start":{"line":82,"column":6},"end":{"line":82,"column":80}},"38":{"start":{"line":84,"column":4},"end":{"line":84,"column":27}},"39":{"start":{"line":88,"column":4},"end":{"line":88,"column":25}},"40":{"start":{"line":92,"column":4},"end":{"line":176,"column":5}},"41":{"start":{"line":147,"column":24},"end":{"line":156,"column":25}}},"fnMap":{"0":{"name":"(anonymous_0)","decl":{"start":{"line":14,"column":24},"end":{"line":14,"column":25}},"loc":{"start":{"line":14,"column":34},"end":{"line":16,"column":1}},"line":14},"1":{"name":"(anonymous_1)","decl":{"start":{"line":18,"column":27},"end":{"line":18,"column":28}},"loc":{"start":{"line":18,"column":40},"end":{"line":26,"column":1}},"line":18},"2":{"name":"(anonymous_2)","decl":{"start":{"line":19,"column":12},"end":{"line":19,"column":13}},"loc":{"start":{"line":19,"column":18},"end":{"line":19,"column":45}},"line":19},"3":{"name":"(anonymous_3)","decl":{"start":{"line":20,"column":10},"end":{"line":20,"column":11}},"loc":{"start":{"line":20,"column":21},"end":{"line":20,"column":68}},"line":20},"4":{"name":"(anonymous_4)","decl":{"start":{"line":21,"column":15},"end":{"line":21,"column":16}},"loc":{"start":{"line":21,"column":22},"end":{"line":21,"column":57}},"line":21},"5":{"name":"(anonymous_5)","decl":{"start":{"line":22,"column":12},"end":{"line":22,"column":13}},"loc":{"start":{"line":22,"column":23},"end":{"line":22,"column":69}},"line":22},"6":{"name":"(anonymous_6)","decl":{"start":{"line":23,"column":12},"end":{"line":23,"column":13}},"loc":{"start":{"line":23,"column":23},"end":{"line":23,"column":63}},"line":23},"7":{"name":"(anonymous_7)","decl":{"start":{"line":24,"column":17},"end":{"line":24,"column":18}},"loc":{"start":{"line":25,"column":4},"end":{"line":25,"column":55}},"line":25},"8":{"name":"(anonymous_8)","decl":{"start":{"line":29,"column":2},"end":{"line":29,"column":3}},"loc":{"start":{"line":29,"column":17},"end":{"line":66,"column":3}},"line":29},"9":{"name":"(anonymous_9)","decl":{"start":{"line":32,"column":29},"end":{"line":32,"column":30}},"loc":{"start":{"line":32,"column":36},"end":{"line":33,"column":52}},"line":32},"10":{"name":"(anonymous_10)","decl":{"start":{"line":32,"column":36},"end":{"line":32,"column":37}},"loc":{"start":{"line":33,"column":6},"end":{"line":33,"column":52}},"line":33},"11":{"name":"(anonymous_11)","decl":{"start":{"line":39,"column":25},"end":{"line":39,"column":26}},"loc":{"start":{"line":39,"column":31},"end":{"line":44,"column":5}},"line":39},"12":{"name":"(anonymous_12)","decl":{"start":{"line":46,"column":28},"end":{"line":46,"column":29}},"loc":{"start":{"line":46,"column":35},"end":{"line":48,"column":5}},"line":46},"13":{"name":"(anonymous_13)","decl":{"start":{"line":46,"column":35},"end":{"line":46,"column":36}},"loc":{"start":{"line":46,"column":41},"end":{"line":48,"column":5}},"line":46},"14":{"name":"(anonymous_14)","decl":{"start":{"line":50,"column":22},"end":{"line":50,"column":23}},"loc":{"start":{"line":50,"column":28},"end":{"line":65,"column":5}},"line":50},"15":{"name":"(anonymous_15)","decl":{"start":{"line":68,"column":2},"end":{"line":68,"column":3}},"loc":{"start":{"line":68,"column":40},"end":{"line":78,"column":3}},"line":68},"16":{"name":"(anonymous_16)","decl":{"start":{"line":80,"column":2},"end":{"line":80,"column":3}},"loc":{"start":{"line":80,"column":24},"end":{"line":85,"column":3}},"line":80},"17":{"name":"(anonymous_17)","decl":{"start":{"line":87,"column":2},"end":{"line":87,"column":3}},"loc":{"start":{"line":87,"column":26},"end":{"line":89,"column":3}},"line":87},"18":{"name":"(anonymous_18)","decl":{"start":{"line":91,"column":2},"end":{"line":91,"column":3}},"loc":{"start":{"line":91,"column":12},"end":{"line":177,"column":3}},"line":91},"19":{"name":"(anonymous_19)","decl":{"start":{"line":146,"column":54},"end":{"line":146,"column":55}},"loc":{"start":{"line":146,"column":61},"end":{"line":157,"column":23}},"line":146}},"branchMap":{"0":{"loc":{"start":{"line":40,"column":6},"end":{"line":43,"column":7}},"type":"if","locations":[{"start":{"line":40,"column":6},"end":{"line":43,"column":7}},{"start":{"line":40,"column":6},"end":{"line":43,"column":7}}],"line":40},"1":{"loc":{"start":{"line":60,"column":22},"end":{"line":62,"column":40}},"type":"cond-expr","locations":[{"start":{"line":61,"column":10},"end":{"line":61,"column":61}},{"start":{"line":62,"column":10},"end":{"line":62,"column":40}}],"line":60},"2":{"loc":{"start":{"line":69,"column":4},"end":{"line":77,"column":5}},"type":"if","locations":[{"start":{"line":69,"column":4},"end":{"line":77,"column":5}},{"start":{"line":69,"column":4},"end":{"line":77,"column":5}}],"line":69},"3":{"loc":{"start":{"line":70,"column":6},"end":{"line":75,"column":7}},"type":"if","locations":[{"start":{"line":70,"column":6},"end":{"line":75,"column":7}},{"start":{"line":70,"column":6},"end":{"line":75,"column":7}}],"line":70},"4":{"loc":{"start":{"line":81,"column":4},"end":{"line":83,"column":5}},"type":"if","locations":[{"start":{"line":81,"column":4},"end":{"line":83,"column":5}},{"start":{"line":81,"column":4},"end":{"line":83,"column":5}}],"line":81},"5":{"loc":{"start":{"line":146,"column":24},"end":{"line":146,"column":48}},"type":"binary-expr","locations":[{"start":{"line":146,"column":24},"end":{"line":146,"column":42}},{"start":{"line":146,"column":46},"end":{"line":146,"column":48}}],"line":146}},"s":{"0":1,"1":0,"2":1,"3":0,"4":0,"5":0,"6":0,"7":0,"8":0,"9":0,"10":0,"11":0,"12":0,"13":0,"14":0,"15":0,"16":0,"17":0,"18":0,"19":0,"20":0,"21":0,"22":0,"23":0,"24":0,"25":0,"26":0,"27":0,"28":0,"29":0,"30":0,"31":0,"32":0,"33":0,"34":0,"35":0,"36":0,"37":0,"38":0,"39":0,"40":0,"41":0},"f":{"0":0,"1":0,"2":0,"3":0,"4":0,"5":0,"6":0,"7":0,"8":0,"9":0,"10":0,"11":0,"12":0,"13":0,"14":0,"15":0,"16":0,"17":0,"18":0,"19":0},"b":{"0":[0,0],"1":[0,0],"2":[0,0],"3":[0,0],"4":[0,0],"5":[0,0]},"_coverageSchema":"43e27e138ebf9cfc5966b082cf9a028302ed4184","hash":"4f23eb1094f513da551301170e49101f8a9d949d"}
,"C:\\Users\\azhamkochyan\\Downloads\\cypress-end-to-end-javascript-testing\\cypress-pluralsight\\Before\\Conduit-Cypress\\client\\src\\components\\Header.js": {"path":"C:\\Users\\azhamkochyan\\Downloads\\cypress-end-to-end-javascript-testing\\cypress-pluralsight\\Before\\Conduit-Cypress\\client\\src\\components\\Header.js","statementMap":{"0":{"start":{"line":4,"column":22},"end":{"line":29,"column":1}},"1":{"start":{"line":5,"column":2},"end":{"line":27,"column":3}},"2":{"start":{"line":6,"column":4},"end":{"line":26,"column":5}},"3":{"start":{"line":28,"column":2},"end":{"line":28,"column":13}},"4":{"start":{"line":31,"column":21},"end":{"line":70,"column":1}},"5":{"start":{"line":32,"column":2},"end":{"line":67,"column":3}},"6":{"start":{"line":33,"column":4},"end":{"line":66,"column":5}},"7":{"start":{"line":69,"column":2},"end":{"line":69,"column":13}},"8":{"start":{"line":74,"column":4},"end":{"line":86,"column":5}}},"fnMap":{"0":{"name":"(anonymous_0)","decl":{"start":{"line":4,"column":22},"end":{"line":4,"column":23}},"loc":{"start":{"line":4,"column":31},"end":{"line":29,"column":1}},"line":4},"1":{"name":"(anonymous_1)","decl":{"start":{"line":31,"column":21},"end":{"line":31,"column":22}},"loc":{"start":{"line":31,"column":30},"end":{"line":70,"column":1}},"line":31},"2":{"name":"(anonymous_2)","decl":{"start":{"line":73,"column":2},"end":{"line":73,"column":3}},"loc":{"start":{"line":73,"column":12},"end":{"line":87,"column":3}},"line":73}},"branchMap":{"0":{"loc":{"start":{"line":5,"column":2},"end":{"line":27,"column":3}},"type":"if","locations":[{"start":{"line":5,"column":2},"end":{"line":27,"column":3}},{"start":{"line":5,"column":2},"end":{"line":27,"column":3}}],"line":5},"1":{"loc":{"start":{"line":32,"column":2},"end":{"line":67,"column":3}},"type":"if","locations":[{"start":{"line":32,"column":2},"end":{"line":67,"column":3}},{"start":{"line":32,"column":2},"end":{"line":67,"column":3}}],"line":32}},"s":{"0":1,"1":4,"2":1,"3":3,"4":1,"5":4,"6":3,"7":1,"8":4},"f":{"0":4,"1":4,"2":4},"b":{"0":[1,3],"1":[3,1]},"_coverageSchema":"43e27e138ebf9cfc5966b082cf9a028302ed4184","hash":"0e19025693afa3abc97204309870c4a01b460bd2"}
,"C:\\Users\\azhamkochyan\\Downloads\\cypress-end-to-end-javascript-testing\\cypress-pluralsight\\Before\\Conduit-Cypress\\client\\src\\components\\ListErrors.js": {"path":"C:\\Users\\azhamkochyan\\Downloads\\cypress-end-to-end-javascript-testing\\cypress-pluralsight\\Before\\Conduit-Cypress\\client\\src\\components\\ListErrors.js","statementMap":{"0":{"start":{"line":5,"column":19},"end":{"line":5,"column":36}},"1":{"start":{"line":6,"column":4},"end":{"line":22,"column":5}},"2":{"start":{"line":7,"column":6},"end":{"line":19,"column":8}},"3":{"start":{"line":11,"column":14},"end":{"line":15,"column":16}},"4":{"start":{"line":21,"column":6},"end":{"line":21,"column":18}}},"fnMap":{"0":{"name":"(anonymous_0)","decl":{"start":{"line":4,"column":2},"end":{"line":4,"column":3}},"loc":{"start":{"line":4,"column":11},"end":{"line":23,"column":3}},"line":4},"1":{"name":"(anonymous_1)","decl":{"start":{"line":10,"column":36},"end":{"line":10,"column":37}},"loc":{"start":{"line":10,"column":43},"end":{"line":16,"column":13}},"line":10}},"branchMap":{"0":{"loc":{"start":{"line":6,"column":4},"end":{"line":22,"column":5}},"type":"if","locations":[{"start":{"line":6,"column":4},"end":{"line":22,"column":5}},{"start":{"line":6,"column":4},"end":{"line":22,"column":5}}],"line":6}},"s":{"0":1,"1":1,"2":0,"3":0,"4":1},"f":{"0":1,"1":0},"b":{"0":[0,1]},"_coverageSchema":"43e27e138ebf9cfc5966b082cf9a028302ed4184","hash":"3a3c650d1bdab5843a13582f27a4d74c5d89c5f9"}
,"C:\\Users\\azhamkochyan\\Downloads\\cypress-end-to-end-javascript-testing\\cypress-pluralsight\\Before\\Conduit-Cypress\\client\\src\\components\\ListPagination.js": {"path":"C:\\Users\\azhamkochyan\\Downloads\\cypress-end-to-end-javascript-testing\\cypress-pluralsight\\Before\\Conduit-Cypress\\client\\src\\components\\ListPagination.js","statementMap":{"0":{"start":{"line":6,"column":27},"end":{"line":8,"column":2}},"1":{"start":{"line":6,"column":40},"end":{"line":8,"column":1}},"2":{"start":{"line":7,"column":32},"end":{"line":7,"column":75}},"3":{"start":{"line":10,"column":23},"end":{"line":52,"column":1}},"4":{"start":{"line":11,"column":2},"end":{"line":13,"column":3}},"5":{"start":{"line":12,"column":4},"end":{"line":12,"column":15}},"6":{"start":{"line":15,"column":16},"end":{"line":15,"column":18}},"7":{"start":{"line":16,"column":2},"end":{"line":18,"column":3}},"8":{"start":{"line":16,"column":15},"end":{"line":16,"column":16}},"9":{"start":{"line":17,"column":4},"end":{"line":17,"column":17}},"10":{"start":{"line":20,"column":18},"end":{"line":26,"column":3}},"11":{"start":{"line":21,"column":4},"end":{"line":25,"column":5}},"12":{"start":{"line":22,"column":6},"end":{"line":22,"column":46}},"13":{"start":{"line":24,"column":6},"end":{"line":24,"column":53}},"14":{"start":{"line":28,"column":2},"end":{"line":51,"column":3}},"15":{"start":{"line":32,"column":28},"end":{"line":32,"column":51}},"16":{"start":{"line":33,"column":26},"end":{"line":36,"column":11}},"17":{"start":{"line":34,"column":12},"end":{"line":34,"column":31}},"18":{"start":{"line":35,"column":12},"end":{"line":35,"column":22}},"19":{"start":{"line":37,"column":10},"end":{"line":47,"column":11}},"20":{"start":{"line":55,"column":9},"end":{"line":55,"column":11}}},"fnMap":{"0":{"name":"(anonymous_0)","decl":{"start":{"line":6,"column":27},"end":{"line":6,"column":28}},"loc":{"start":{"line":6,"column":40},"end":{"line":8,"column":1}},"line":6},"1":{"name":"(anonymous_1)","decl":{"start":{"line":7,"column":13},"end":{"line":7,"column":14}},"loc":{"start":{"line":7,"column":32},"end":{"line":7,"column":75}},"line":7},"2":{"name":"(anonymous_2)","decl":{"start":{"line":10,"column":23},"end":{"line":10,"column":24}},"loc":{"start":{"line":10,"column":32},"end":{"line":52,"column":1}},"line":10},"3":{"name":"(anonymous_3)","decl":{"start":{"line":20,"column":18},"end":{"line":20,"column":19}},"loc":{"start":{"line":20,"column":26},"end":{"line":26,"column":3}},"line":20},"4":{"name":"(anonymous_4)","decl":{"start":{"line":31,"column":19},"end":{"line":31,"column":20}},"loc":{"start":{"line":31,"column":24},"end":{"line":48,"column":9}},"line":31},"5":{"name":"(anonymous_5)","decl":{"start":{"line":33,"column":26},"end":{"line":33,"column":27}},"loc":{"start":{"line":33,"column":32},"end":{"line":36,"column":11}},"line":33},"6":{"name":"(anonymous_6)","decl":{"start":{"line":55,"column":2},"end":{"line":55,"column":3}},"loc":{"start":{"line":55,"column":9},"end":{"line":55,"column":11}},"line":55}},"branchMap":{"0":{"loc":{"start":{"line":11,"column":2},"end":{"line":13,"column":3}},"type":"if","locations":[{"start":{"line":11,"column":2},"end":{"line":13,"column":3}},{"start":{"line":11,"column":2},"end":{"line":13,"column":3}}],"line":11},"1":{"loc":{"start":{"line":21,"column":4},"end":{"line":25,"column":5}},"type":"if","locations":[{"start":{"line":21,"column":4},"end":{"line":25,"column":5}},{"start":{"line":21,"column":4},"end":{"line":25,"column":5}}],"line":21},"2":{"loc":{"start":{"line":39,"column":25},"end":{"line":39,"column":69}},"type":"cond-expr","locations":[{"start":{"line":39,"column":37},"end":{"line":39,"column":55}},{"start":{"line":39,"column":58},"end":{"line":39,"column":69}}],"line":39}},"s":{"0":1,"1":0,"2":0,"3":1,"4":0,"5":0,"6":0,"7":0,"8":0,"9":0,"10":0,"11":0,"12":0,"13":0,"14":0,"15":0,"16":0,"17":0,"18":0,"19":0,"20":0},"f":{"0":0,"1":0,"2":0,"3":0,"4":0,"5":0,"6":0},"b":{"0":[0,0],"1":[0,0],"2":[0,0]},"_coverageSchema":"43e27e138ebf9cfc5966b082cf9a028302ed4184","hash":"0458d6a82fde91a0e7de9efb942e8fa717541660"}
,"C:\\Users\\azhamkochyan\\Downloads\\cypress-end-to-end-javascript-testing\\cypress-pluralsight\\Before\\Conduit-Cypress\\client\\src\\components\\Login.js": {"path":"C:\\Users\\azhamkochyan\\Downloads\\cypress-end-to-end-javascript-testing\\cypress-pluralsight\\Before\\Conduit-Cypress\\client\\src\\components\\Login.js","statementMap":{"0":{"start":{"line":12,"column":24},"end":{"line":12,"column":52}},"1":{"start":{"line":12,"column":34},"end":{"line":12,"column":51}},"2":{"start":{"line":14,"column":27},"end":{"line":23,"column":2}},"3":{"start":{"line":14,"column":40},"end":{"line":23,"column":1}},"4":{"start":{"line":16,"column":4},"end":{"line":16,"column":62}},"5":{"start":{"line":18,"column":4},"end":{"line":18,"column":65}},"6":{"start":{"line":20,"column":4},"end":{"line":20,"column":73}},"7":{"start":{"line":22,"column":4},"end":{"line":22,"column":43}},"8":{"start":{"line":27,"column":4},"end":{"line":27,"column":12}},"9":{"start":{"line":28,"column":4},"end":{"line":28,"column":71}},"10":{"start":{"line":28,"column":29},"end":{"line":28,"column":70}},"11":{"start":{"line":29,"column":4},"end":{"line":29,"column":77}},"12":{"start":{"line":29,"column":32},"end":{"line":29,"column":76}},"13":{"start":{"line":30,"column":4},"end":{"line":33,"column":6}},"14":{"start":{"line":30,"column":43},"end":{"line":33,"column":5}},"15":{"start":{"line":31,"column":6},"end":{"line":31,"column":26}},"16":{"start":{"line":32,"column":6},"end":{"line":32,"column":43}},"17":{"start":{"line":37,"column":4},"end":{"line":37,"column":26}},"18":{"start":{"line":41,"column":18},"end":{"line":41,"column":34}},"19":{"start":{"line":42,"column":21},"end":{"line":42,"column":40}},"20":{"start":{"line":43,"column":4},"end":{"line":96,"column":6}}},"fnMap":{"0":{"name":"(anonymous_0)","decl":{"start":{"line":12,"column":24},"end":{"line":12,"column":25}},"loc":{"start":{"line":12,"column":34},"end":{"line":12,"column":51}},"line":12},"1":{"name":"(anonymous_1)","decl":{"start":{"line":14,"column":27},"end":{"line":14,"column":28}},"loc":{"start":{"line":14,"column":40},"end":{"line":23,"column":1}},"line":14},"2":{"name":"(anonymous_2)","decl":{"start":{"line":15,"column":17},"end":{"line":15,"column":18}},"loc":{"start":{"line":16,"column":4},"end":{"line":16,"column":62}},"line":16},"3":{"name":"(anonymous_3)","decl":{"start":{"line":17,"column":20},"end":{"line":17,"column":21}},"loc":{"start":{"line":18,"column":4},"end":{"line":18,"column":65}},"line":18},"4":{"name":"(anonymous_4)","decl":{"start":{"line":19,"column":12},"end":{"line":19,"column":13}},"loc":{"start":{"line":20,"column":4},"end":{"line":20,"column":73}},"line":20},"5":{"name":"(anonymous_5)","decl":{"start":{"line":21,"column":12},"end":{"line":21,"column":13}},"loc":{"start":{"line":22,"column":4},"end":{"line":22,"column":43}},"line":22},"6":{"name":"(anonymous_6)","decl":{"start":{"line":26,"column":2},"end":{"line":26,"column":3}},"loc":{"start":{"line":26,"column":16},"end":{"line":34,"column":3}},"line":26},"7":{"name":"(anonymous_7)","decl":{"start":{"line":28,"column":23},"end":{"line":28,"column":24}},"loc":{"start":{"line":28,"column":29},"end":{"line":28,"column":70}},"line":28},"8":{"name":"(anonymous_8)","decl":{"start":{"line":29,"column":26},"end":{"line":29,"column":27}},"loc":{"start":{"line":29,"column":32},"end":{"line":29,"column":76}},"line":29},"9":{"name":"(anonymous_9)","decl":{"start":{"line":30,"column":22},"end":{"line":30,"column":23}},"loc":{"start":{"line":30,"column":43},"end":{"line":33,"column":5}},"line":30},"10":{"name":"(anonymous_10)","decl":{"start":{"line":30,"column":43},"end":{"line":30,"column":44}},"loc":{"start":{"line":30,"column":49},"end":{"line":33,"column":5}},"line":30},"11":{"name":"(anonymous_11)","decl":{"start":{"line":36,"column":2},"end":{"line":36,"column":3}},"loc":{"start":{"line":36,"column":25},"end":{"line":38,"column":3}},"line":36},"12":{"name":"(anonymous_12)","decl":{"start":{"line":40,"column":2},"end":{"line":40,"column":3}},"loc":{"start":{"line":40,"column":11},"end":{"line":97,"column":3}},"line":40}},"branchMap":{},"s":{"0":1,"1":0,"2":1,"3":0,"4":0,"5":0,"6":0,"7":0,"8":0,"9":0,"10":0,"11":0,"12":0,"13":0,"14":0,"15":0,"16":0,"17":0,"18":0,"19":0,"20":0},"f":{"0":0,"1":0,"2":0,"3":0,"4":0,"5":0,"6":0,"7":0,"8":0,"9":0,"10":0,"11":0,"12":0},"b":{},"_coverageSchema":"43e27e138ebf9cfc5966b082cf9a028302ed4184","hash":"e81b680c7a3e03631929d7a3c0392b1cf6641b79"}
,"C:\\Users\\azhamkochyan\\Downloads\\cypress-end-to-end-javascript-testing\\cypress-pluralsight\\Before\\Conduit-Cypress\\client\\src\\components\\Profile.js": {"path":"C:\\Users\\azhamkochyan\\Downloads\\cypress-end-to-end-javascript-testing\\cypress-pluralsight\\Before\\Conduit-Cypress\\client\\src\\components\\Profile.js","statementMap":{"0":{"start":{"line":13,"column":28},"end":{"line":26,"column":1}},"1":{"start":{"line":14,"column":2},"end":{"line":24,"column":3}},"2":{"start":{"line":15,"column":4},"end":{"line":23,"column":5}},"3":{"start":{"line":25,"column":2},"end":{"line":25,"column":13}},"4":{"start":{"line":28,"column":25},"end":{"line":60,"column":1}},"5":{"start":{"line":29,"column":2},"end":{"line":31,"column":3}},"6":{"start":{"line":30,"column":4},"end":{"line":30,"column":15}},"7":{"start":{"line":33,"column":16},"end":{"line":33,"column":39}},"8":{"start":{"line":34,"column":2},"end":{"line":38,"column":3}},"9":{"start":{"line":35,"column":4},"end":{"line":35,"column":31}},"10":{"start":{"line":37,"column":4},"end":{"line":37,"column":39}},"11":{"start":{"line":40,"column":22},"end":{"line":47,"column":3}},"12":{"start":{"line":41,"column":4},"end":{"line":41,"column":23}},"13":{"start":{"line":42,"column":4},"end":{"line":46,"column":5}},"14":{"start":{"line":43,"column":6},"end":{"line":43,"column":41}},"15":{"start":{"line":45,"column":6},"end":{"line":45,"column":39}},"16":{"start":{"line":49,"column":2},"end":{"line":59,"column":3}},"17":{"start":{"line":62,"column":24},"end":{"line":66,"column":2}},"18":{"start":{"line":62,"column":34},"end":{"line":66,"column":1}},"19":{"start":{"line":68,"column":27},"end":{"line":81,"column":2}},"20":{"start":{"line":68,"column":40},"end":{"line":81,"column":1}},"21":{"start":{"line":70,"column":4},"end":{"line":73,"column":6}},"22":{"start":{"line":74,"column":21},"end":{"line":74,"column":69}},"23":{"start":{"line":76,"column":4},"end":{"line":79,"column":6}},"24":{"start":{"line":80,"column":18},"end":{"line":80,"column":59}},"25":{"start":{"line":85,"column":4},"end":{"line":90,"column":5}},"26":{"start":{"line":94,"column":4},"end":{"line":94,"column":25}},"27":{"start":{"line":98,"column":4},"end":{"line":118,"column":5}},"28":{"start":{"line":122,"column":20},"end":{"line":122,"column":38}},"29":{"start":{"line":123,"column":4},"end":{"line":125,"column":5}},"30":{"start":{"line":124,"column":6},"end":{"line":124,"column":17}},"31":{"start":{"line":128,"column":6},"end":{"line":129,"column":69}},"32":{"start":{"line":131,"column":4},"end":{"line":172,"column":5}}},"fnMap":{"0":{"name":"(anonymous_0)","decl":{"start":{"line":13,"column":28},"end":{"line":13,"column":29}},"loc":{"start":{"line":13,"column":37},"end":{"line":26,"column":1}},"line":13},"1":{"name":"(anonymous_1)","decl":{"start":{"line":28,"column":25},"end":{"line":28,"column":26}},"loc":{"start":{"line":28,"column":34},"end":{"line":60,"column":1}},"line":28},"2":{"name":"(anonymous_2)","decl":{"start":{"line":40,"column":22},"end":{"line":40,"column":23}},"loc":{"start":{"line":40,"column":28},"end":{"line":47,"column":3}},"line":40},"3":{"name":"(anonymous_3)","decl":{"start":{"line":62,"column":24},"end":{"line":62,"column":25}},"loc":{"start":{"line":62,"column":34},"end":{"line":66,"column":1}},"line":62},"4":{"name":"(anonymous_4)","decl":{"start":{"line":68,"column":27},"end":{"line":68,"column":28}},"loc":{"start":{"line":68,"column":40},"end":{"line":81,"column":1}},"line":68},"5":{"name":"(anonymous_5)","decl":{"start":{"line":69,"column":12},"end":{"line":69,"column":13}},"loc":{"start":{"line":70,"column":4},"end":{"line":73,"column":6}},"line":70},"6":{"name":"(anonymous_6)","decl":{"start":{"line":74,"column":10},"end":{"line":74,"column":11}},"loc":{"start":{"line":74,"column":21},"end":{"line":74,"column":69}},"line":74},"7":{"name":"(anonymous_7)","decl":{"start":{"line":75,"column":14},"end":{"line":75,"column":15}},"loc":{"start":{"line":76,"column":4},"end":{"line":79,"column":6}},"line":76},"8":{"name":"(anonymous_8)","decl":{"start":{"line":80,"column":12},"end":{"line":80,"column":13}},"loc":{"start":{"line":80,"column":18},"end":{"line":80,"column":59}},"line":80},"9":{"name":"(anonymous_9)","decl":{"start":{"line":84,"column":2},"end":{"line":84,"column":3}},"loc":{"start":{"line":84,"column":24},"end":{"line":91,"column":3}},"line":84},"10":{"name":"(anonymous_10)","decl":{"start":{"line":93,"column":2},"end":{"line":93,"column":3}},"loc":{"start":{"line":93,"column":26},"end":{"line":95,"column":3}},"line":93},"11":{"name":"(anonymous_11)","decl":{"start":{"line":97,"column":2},"end":{"line":97,"column":3}},"loc":{"start":{"line":97,"column":16},"end":{"line":119,"column":3}},"line":97},"12":{"name":"(anonymous_12)","decl":{"start":{"line":121,"column":2},"end":{"line":121,"column":3}},"loc":{"start":{"line":121,"column":12},"end":{"line":173,"column":3}},"line":121}},"branchMap":{"0":{"loc":{"start":{"line":14,"column":2},"end":{"line":24,"column":3}},"type":"if","locations":[{"start":{"line":14,"column":2},"end":{"line":24,"column":3}},{"start":{"line":14,"column":2},"end":{"line":24,"column":3}}],"line":14},"1":{"loc":{"start":{"line":29,"column":2},"end":{"line":31,"column":3}},"type":"if","locations":[{"start":{"line":29,"column":2},"end":{"line":31,"column":3}},{"start":{"line":29,"column":2},"end":{"line":31,"column":3}}],"line":29},"2":{"loc":{"start":{"line":34,"column":2},"end":{"line":38,"column":3}},"type":"if","locations":[{"start":{"line":34,"column":2},"end":{"line":38,"column":3}},{"start":{"line":34,"column":2},"end":{"line":38,"column":3}}],"line":34},"3":{"loc":{"start":{"line":42,"column":4},"end":{"line":46,"column":5}},"type":"if","locations":[{"start":{"line":42,"column":4},"end":{"line":46,"column":5}},{"start":{"line":42,"column":4},"end":{"line":46,"column":5}}],"line":42},"4":{"loc":{"start":{"line":57,"column":7},"end":{"line":57,"column":51}},"type":"cond-expr","locations":[{"start":{"line":57,"column":30},"end":{"line":57,"column":40}},{"start":{"line":57,"column":43},"end":{"line":57,"column":51}}],"line":57},"5":{"loc":{"start":{"line":123,"column":4},"end":{"line":125,"column":5}},"type":"if","locations":[{"start":{"line":123,"column":4},"end":{"line":125,"column":5}},{"start":{"line":123,"column":4},"end":{"line":125,"column":5}}],"line":123},"6":{"loc":{"start":{"line":128,"column":6},"end":{"line":129,"column":69}},"type":"binary-expr","locations":[{"start":{"line":128,"column":6},"end":{"line":128,"column":28}},{"start":{"line":129,"column":6},"end":{"line":129,"column":69}}],"line":128}},"s":{"0":1,"1":3,"2":1,"3":2,"4":1,"5":3,"6":1,"7":2,"8":2,"9":0,"10":2,"11":2,"12":0,"13":0,"14":0,"15":0,"16":2,"17":1,"18":4,"19":1,"20":1,"21":0,"22":1,"23":0,"24":1,"25":1,"26":1,"27":3,"28":3,"29":3,"30":0,"31":3,"32":3},"f":{"0":3,"1":3,"2":0,"3":4,"4":1,"5":0,"6":1,"7":0,"8":1,"9":1,"10":1,"11":3,"12":3},"b":{"0":[1,2],"1":[1,2],"2":[0,2],"3":[0,0],"4":[0,2],"5":[0,3],"6":[3,3]},"_coverageSchema":"43e27e138ebf9cfc5966b082cf9a028302ed4184","hash":"4dff05832eb8fec59a17619e2ec10f01e4db76b1"}
,"C:\\Users\\azhamkochyan\\Downloads\\cypress-end-to-end-javascript-testing\\cypress-pluralsight\\Before\\Conduit-Cypress\\client\\src\\components\\ProfileFavorites.js": {"path":"C:\\Users\\azhamkochyan\\Downloads\\cypress-end-to-end-javascript-testing\\cypress-pluralsight\\Before\\Conduit-Cypress\\client\\src\\components\\ProfileFavorites.js","statementMap":{"0":{"start":{"line":11,"column":27},"end":{"line":16,"column":2}},"1":{"start":{"line":11,"column":40},"end":{"line":16,"column":1}},"2":{"start":{"line":13,"column":4},"end":{"line":13,"column":59}},"3":{"start":{"line":15,"column":4},"end":{"line":15,"column":45}},"4":{"start":{"line":20,"column":4},"end":{"line":23,"column":8}},"5":{"start":{"line":20,"column":30},"end":{"line":20,"column":96}},"6":{"start":{"line":27,"column":4},"end":{"line":27,"column":26}},"7":{"start":{"line":31,"column":4},"end":{"line":49,"column":6}}},"fnMap":{"0":{"name":"(anonymous_0)","decl":{"start":{"line":11,"column":27},"end":{"line":11,"column":28}},"loc":{"start":{"line":11,"column":40},"end":{"line":16,"column":1}},"line":11},"1":{"name":"(anonymous_1)","decl":{"start":{"line":12,"column":10},"end":{"line":12,"column":11}},"loc":{"start":{"line":13,"column":4},"end":{"line":13,"column":59}},"line":13},"2":{"name":"(anonymous_2)","decl":{"start":{"line":14,"column":12},"end":{"line":14,"column":13}},"loc":{"start":{"line":15,"column":4},"end":{"line":15,"column":45}},"line":15},"3":{"name":"(anonymous_3)","decl":{"start":{"line":19,"column":2},"end":{"line":19,"column":3}},"loc":{"start":{"line":19,"column":23},"end":{"line":24,"column":3}},"line":19},"4":{"name":"(anonymous_4)","decl":{"start":{"line":20,"column":22},"end":{"line":20,"column":23}},"loc":{"start":{"line":20,"column":30},"end":{"line":20,"column":96}},"line":20},"5":{"name":"(anonymous_5)","decl":{"start":{"line":26,"column":2},"end":{"line":26,"column":3}},"loc":{"start":{"line":26,"column":25},"end":{"line":28,"column":3}},"line":26},"6":{"name":"(anonymous_6)","decl":{"start":{"line":30,"column":2},"end":{"line":30,"column":3}},"loc":{"start":{"line":30,"column":15},"end":{"line":50,"column":3}},"line":30}},"branchMap":{},"s":{"0":1,"1":0,"2":0,"3":0,"4":0,"5":0,"6":0,"7":0},"f":{"0":0,"1":0,"2":0,"3":0,"4":0,"5":0,"6":0},"b":{},"_coverageSchema":"43e27e138ebf9cfc5966b082cf9a028302ed4184","hash":"067b657176f1a074971e73ab047e56f562da5e71"}
,"C:\\Users\\azhamkochyan\\Downloads\\cypress-end-to-end-javascript-testing\\cypress-pluralsight\\Before\\Conduit-Cypress\\client\\src\\components\\Register.js": {"path":"C:\\Users\\azhamkochyan\\Downloads\\cypress-end-to-end-javascript-testing\\cypress-pluralsight\\Before\\Conduit-Cypress\\client\\src\\components\\Register.js","statementMap":{"0":{"start":{"line":12,"column":24},"end":{"line":12,"column":52}},"1":{"start":{"line":12,"column":34},"end":{"line":12,"column":51}},"2":{"start":{"line":14,"column":27},"end":{"line":26,"column":2}},"3":{"start":{"line":14,"column":40},"end":{"line":26,"column":1}},"4":{"start":{"line":16,"column":4},"end":{"line":16,"column":62}},"5":{"start":{"line":18,"column":4},"end":{"line":18,"column":65}},"6":{"start":{"line":20,"column":4},"end":{"line":20,"column":65}},"7":{"start":{"line":22,"column":20},"end":{"line":22,"column":66}},"8":{"start":{"line":23,"column":4},"end":{"line":23,"column":41}},"9":{"start":{"line":25,"column":18},"end":{"line":25,"column":60}},"10":{"start":{"line":30,"column":4},"end":{"line":30,"column":11}},"11":{"start":{"line":31,"column":4},"end":{"line":31,"column":70}},"12":{"start":{"line":31,"column":29},"end":{"line":31,"column":70}},"13":{"start":{"line":32,"column":4},"end":{"line":32,"column":76}},"14":{"start":{"line":32,"column":32},"end":{"line":32,"column":76}},"15":{"start":{"line":33,"column":4},"end":{"line":33,"column":76}},"16":{"start":{"line":33,"column":32},"end":{"line":33,"column":76}},"17":{"start":{"line":34,"column":4},"end":{"line":37,"column":5}},"18":{"start":{"line":34,"column":53},"end":{"line":37,"column":5}},"19":{"start":{"line":35,"column":6},"end":{"line":35,"column":25}},"20":{"start":{"line":36,"column":6},"end":{"line":36,"column":52}},"21":{"start":{"line":41,"column":4},"end":{"line":41,"column":25}},"22":{"start":{"line":45,"column":18},"end":{"line":45,"column":34}},"23":{"start":{"line":46,"column":21},"end":{"line":46,"column":40}},"24":{"start":{"line":47,"column":21},"end":{"line":47,"column":40}},"25":{"start":{"line":49,"column":4},"end":{"line":109,"column":5}}},"fnMap":{"0":{"name":"(anonymous_0)","decl":{"start":{"line":12,"column":24},"end":{"line":12,"column":25}},"loc":{"start":{"line":12,"column":34},"end":{"line":12,"column":51}},"line":12},"1":{"name":"(anonymous_1)","decl":{"start":{"line":14,"column":27},"end":{"line":14,"column":28}},"loc":{"start":{"line":14,"column":40},"end":{"line":26,"column":1}},"line":14},"2":{"name":"(anonymous_2)","decl":{"start":{"line":15,"column":17},"end":{"line":15,"column":18}},"loc":{"start":{"line":16,"column":4},"end":{"line":16,"column":62}},"line":16},"3":{"name":"(anonymous_3)","decl":{"start":{"line":17,"column":20},"end":{"line":17,"column":21}},"loc":{"start":{"line":18,"column":4},"end":{"line":18,"column":65}},"line":18},"4":{"name":"(anonymous_4)","decl":{"start":{"line":19,"column":20},"end":{"line":19,"column":21}},"loc":{"start":{"line":20,"column":4},"end":{"line":20,"column":65}},"line":20},"5":{"name":"(anonymous_5)","decl":{"start":{"line":21,"column":12},"end":{"line":21,"column":13}},"loc":{"start":{"line":21,"column":43},"end":{"line":24,"column":3}},"line":21},"6":{"name":"(anonymous_6)","decl":{"start":{"line":25,"column":12},"end":{"line":25,"column":13}},"loc":{"start":{"line":25,"column":18},"end":{"line":25,"column":60}},"line":25},"7":{"name":"(anonymous_7)","decl":{"start":{"line":29,"column":2},"end":{"line":29,"column":3}},"loc":{"start":{"line":29,"column":17},"end":{"line":38,"column":3}},"line":29},"8":{"name":"(anonymous_8)","decl":{"start":{"line":31,"column":23},"end":{"line":31,"column":24}},"loc":{"start":{"line":31,"column":29},"end":{"line":31,"column":70}},"line":31},"9":{"name":"(anonymous_9)","decl":{"start":{"line":32,"column":26},"end":{"line":32,"column":27}},"loc":{"start":{"line":32,"column":32},"end":{"line":32,"column":76}},"line":32},"10":{"name":"(anonymous_10)","decl":{"start":{"line":33,"column":26},"end":{"line":33,"column":27}},"loc":{"start":{"line":33,"column":32},"end":{"line":33,"column":76}},"line":33},"11":{"name":"(anonymous_11)","decl":{"start":{"line":34,"column":22},"end":{"line":34,"column":23}},"loc":{"start":{"line":34,"column":53},"end":{"line":37,"column":5}},"line":34},"12":{"name":"(anonymous_12)","decl":{"start":{"line":34,"column":53},"end":{"line":34,"column":54}},"loc":{"start":{"line":34,"column":59},"end":{"line":37,"column":5}},"line":34},"13":{"name":"(anonymous_13)","decl":{"start":{"line":40,"column":2},"end":{"line":40,"column":3}},"loc":{"start":{"line":40,"column":26},"end":{"line":42,"column":3}},"line":40},"14":{"name":"(anonymous_14)","decl":{"start":{"line":44,"column":2},"end":{"line":44,"column":3}},"loc":{"start":{"line":44,"column":12},"end":{"line":110,"column":3}},"line":44}},"branchMap":{},"s":{"0":1,"1":0,"2":1,"3":0,"4":0,"5":0,"6":0,"7":0,"8":0,"9":0,"10":0,"11":0,"12":0,"13":0,"14":0,"15":0,"16":0,"17":0,"18":0,"19":0,"20":0,"21":0,"22":0,"23":0,"24":0,"25":0},"f":{"0":0,"1":0,"2":0,"3":0,"4":0,"5":0,"6":0,"7":0,"8":0,"9":0,"10":0,"11":0,"12":0,"13":0,"14":0},"b":{},"_coverageSchema":"43e27e138ebf9cfc5966b082cf9a028302ed4184","hash":"c4d7644f57ad62f890483bd2d0e3a6a70cecc133"}
,"C:\\Users\\azhamkochyan\\Downloads\\cypress-end-to-end-javascript-testing\\cypress-pluralsight\\Before\\Conduit-Cypress\\client\\src\\components\\Settings.js": {"path":"C:\\Users\\azhamkochyan\\Downloads\\cypress-end-to-end-javascript-testing\\cypress-pluralsight\\Before\\Conduit-Cypress\\client\\src\\components\\Settings.js","statementMap":{"0":{"start":{"line":13,"column":4},"end":{"line":13,"column":11}},"1":{"start":{"line":15,"column":4},"end":{"line":21,"column":5}},"2":{"start":{"line":23,"column":4},"end":{"line":27,"column":5}},"3":{"start":{"line":23,"column":32},"end":{"line":27,"column":5}},"4":{"start":{"line":24,"column":20},"end":{"line":24,"column":30}},"5":{"start":{"line":25,"column":23},"end":{"line":25,"column":77}},"6":{"start":{"line":26,"column":6},"end":{"line":26,"column":29}},"7":{"start":{"line":29,"column":4},"end":{"line":38,"column":5}},"8":{"start":{"line":30,"column":6},"end":{"line":30,"column":25}},"9":{"start":{"line":32,"column":19},"end":{"line":32,"column":48}},"10":{"start":{"line":33,"column":6},"end":{"line":35,"column":7}},"11":{"start":{"line":34,"column":8},"end":{"line":34,"column":28}},"12":{"start":{"line":37,"column":6},"end":{"line":37,"column":35}},"13":{"start":{"line":42,"column":4},"end":{"line":49,"column":5}},"14":{"start":{"line":43,"column":6},"end":{"line":48,"column":8}},"15":{"start":{"line":53,"column":4},"end":{"line":62,"column":5}},"16":{"start":{"line":54,"column":6},"end":{"line":61,"column":7}},"17":{"start":{"line":66,"column":4},"end":{"line":133,"column":5}},"18":{"start":{"line":137,"column":24},"end":{"line":140,"column":2}},"19":{"start":{"line":137,"column":34},"end":{"line":140,"column":1}},"20":{"start":{"line":142,"column":27},"end":{"line":147,"column":2}},"21":{"start":{"line":142,"column":40},"end":{"line":147,"column":1}},"22":{"start":{"line":143,"column":23},"end":{"line":143,"column":49}},"23":{"start":{"line":145,"column":4},"end":{"line":145,"column":70}},"24":{"start":{"line":146,"column":18},"end":{"line":146,"column":60}},"25":{"start":{"line":151,"column":4},"end":{"line":178,"column":5}}},"fnMap":{"0":{"name":"(anonymous_0)","decl":{"start":{"line":12,"column":2},"end":{"line":12,"column":3}},"loc":{"start":{"line":12,"column":17},"end":{"line":39,"column":3}},"line":12},"1":{"name":"(anonymous_1)","decl":{"start":{"line":23,"column":23},"end":{"line":23,"column":24}},"loc":{"start":{"line":23,"column":32},"end":{"line":27,"column":5}},"line":23},"2":{"name":"(anonymous_2)","decl":{"start":{"line":23,"column":32},"end":{"line":23,"column":33}},"loc":{"start":{"line":23,"column":38},"end":{"line":27,"column":5}},"line":23},"3":{"name":"(anonymous_3)","decl":{"start":{"line":29,"column":22},"end":{"line":29,"column":23}},"loc":{"start":{"line":29,"column":28},"end":{"line":38,"column":5}},"line":29},"4":{"name":"(anonymous_4)","decl":{"start":{"line":41,"column":2},"end":{"line":41,"column":3}},"loc":{"start":{"line":41,"column":24},"end":{"line":50,"column":3}},"line":41},"5":{"name":"(anonymous_5)","decl":{"start":{"line":52,"column":2},"end":{"line":52,"column":3}},"loc":{"start":{"line":52,"column":40},"end":{"line":63,"column":3}},"line":52},"6":{"name":"(anonymous_6)","decl":{"start":{"line":65,"column":2},"end":{"line":65,"column":3}},"loc":{"start":{"line":65,"column":12},"end":{"line":134,"column":3}},"line":65},"7":{"name":"(anonymous_7)","decl":{"start":{"line":137,"column":24},"end":{"line":137,"column":25}},"loc":{"start":{"line":137,"column":34},"end":{"line":140,"column":1}},"line":137},"8":{"name":"(anonymous_8)","decl":{"start":{"line":142,"column":27},"end":{"line":142,"column":28}},"loc":{"start":{"line":142,"column":40},"end":{"line":147,"column":1}},"line":142},"9":{"name":"(anonymous_9)","decl":{"start":{"line":143,"column":17},"end":{"line":143,"column":18}},"loc":{"start":{"line":143,"column":23},"end":{"line":143,"column":49}},"line":143},"10":{"name":"(anonymous_10)","decl":{"start":{"line":144,"column":16},"end":{"line":144,"column":17}},"loc":{"start":{"line":145,"column":4},"end":{"line":145,"column":70}},"line":145},"11":{"name":"(anonymous_11)","decl":{"start":{"line":146,"column":12},"end":{"line":146,"column":13}},"loc":{"start":{"line":146,"column":18},"end":{"line":146,"column":60}},"line":146},"12":{"name":"(anonymous_12)","decl":{"start":{"line":150,"column":2},"end":{"line":150,"column":3}},"loc":{"start":{"line":150,"column":12},"end":{"line":179,"column":3}},"line":150}},"branchMap":{"0":{"loc":{"start":{"line":33,"column":6},"end":{"line":35,"column":7}},"type":"if","locations":[{"start":{"line":33,"column":6},"end":{"line":35,"column":7}},{"start":{"line":33,"column":6},"end":{"line":35,"column":7}}],"line":33},"1":{"loc":{"start":{"line":42,"column":4},"end":{"line":49,"column":5}},"type":"if","locations":[{"start":{"line":42,"column":4},"end":{"line":49,"column":5}},{"start":{"line":42,"column":4},"end":{"line":49,"column":5}}],"line":42},"2":{"loc":{"start":{"line":44,"column":15},"end":{"line":44,"column":49}},"type":"binary-expr","locations":[{"start":{"line":44,"column":15},"end":{"line":44,"column":43}},{"start":{"line":44,"column":47},"end":{"line":44,"column":49}}],"line":44},"3":{"loc":{"start":{"line":53,"column":4},"end":{"line":62,"column":5}},"type":"if","locations":[{"start":{"line":53,"column":4},"end":{"line":62,"column":5}},{"start":{"line":53,"column":4},"end":{"line":62,"column":5}}],"line":53},"4":{"loc":{"start":{"line":56,"column":17},"end":{"line":56,"column":50}},"type":"binary-expr","locations":[{"start":{"line":56,"column":17},"end":{"line":56,"column":44}},{"start":{"line":56,"column":48},"end":{"line":56,"column":50}}],"line":56},"5":{"loc":{"start":{"line":97,"column":21},"end":{"line":97,"column":41}},"type":"binary-expr","locations":[{"start":{"line":97,"column":21},"end":{"line":97,"column":35}},{"start":{"line":97,"column":39},"end":{"line":97,"column":41}}],"line":97}},"s":{"0":1,"1":1,"2":1,"3":205,"4":40,"5":40,"6":40,"7":1,"8":1,"9":1,"10":1,"11":1,"12":1,"13":1,"14":1,"15":0,"16":0,"17":41,"18":1,"19":3,"20":1,"21":1,"22":0,"23":1,"24":0,"25":1},"f":{"0":1,"1":205,"2":40,"3":1,"4":1,"5":0,"6":41,"7":3,"8":1,"9":0,"10":1,"11":0,"12":1},"b":{"0":[1,0],"1":[1,0],"2":[1,1],"3":[0,0],"4":[0,0],"5":[41,19]},"_coverageSchema":"43e27e138ebf9cfc5966b082cf9a028302ed4184","hash":"1d8cace8d2c94788ae01df6081520409d8155f05"}
,"C:\\Users\\azhamkochyan\\Downloads\\cypress-end-to-end-javascript-testing\\cypress-pluralsight\\Before\\Conduit-Cypress\\client\\src\\components\\Article\\ArticleActions.js": {"path":"C:\\Users\\azhamkochyan\\Downloads\\cypress-end-to-end-javascript-testing\\cypress-pluralsight\\Before\\Conduit-Cypress\\client\\src\\components\\Article\\ArticleActions.js","statementMap":{"0":{"start":{"line":7,"column":27},"end":{"line":9,"column":2}},"1":{"start":{"line":7,"column":40},"end":{"line":9,"column":1}},"2":{"start":{"line":8,"column":28},"end":{"line":8,"column":71}},"3":{"start":{"line":11,"column":23},"end":{"line":39,"column":1}},"4":{"start":{"line":12,"column":18},"end":{"line":12,"column":31}},"5":{"start":{"line":13,"column":14},"end":{"line":15,"column":3}},"6":{"start":{"line":14,"column":4},"end":{"line":14,"column":57}},"7":{"start":{"line":16,"column":2},"end":{"line":36,"column":3}},"8":{"start":{"line":17,"column":4},"end":{"line":35,"column":5}},"9":{"start":{"line":38,"column":2},"end":{"line":38,"column":17}},"10":{"start":{"line":42,"column":9},"end":{"line":42,"column":11}}},"fnMap":{"0":{"name":"(anonymous_0)","decl":{"start":{"line":7,"column":27},"end":{"line":7,"column":28}},"loc":{"start":{"line":7,"column":40},"end":{"line":9,"column":1}},"line":7},"1":{"name":"(anonymous_1)","decl":{"start":{"line":8,"column":17},"end":{"line":8,"column":18}},"loc":{"start":{"line":8,"column":28},"end":{"line":8,"column":71}},"line":8},"2":{"name":"(anonymous_2)","decl":{"start":{"line":11,"column":23},"end":{"line":11,"column":24}},"loc":{"start":{"line":11,"column":32},"end":{"line":39,"column":1}},"line":11},"3":{"name":"(anonymous_3)","decl":{"start":{"line":13,"column":14},"end":{"line":13,"column":15}},"loc":{"start":{"line":13,"column":20},"end":{"line":15,"column":3}},"line":13},"4":{"name":"(anonymous_4)","decl":{"start":{"line":42,"column":2},"end":{"line":42,"column":3}},"loc":{"start":{"line":42,"column":9},"end":{"line":42,"column":11}},"line":42}},"branchMap":{"0":{"loc":{"start":{"line":16,"column":2},"end":{"line":36,"column":3}},"type":"if","locations":[{"start":{"line":16,"column":2},"end":{"line":36,"column":3}},{"start":{"line":16,"column":2},"end":{"line":36,"column":3}}],"line":16}},"s":{"0":1,"1":0,"2":0,"3":1,"4":0,"5":0,"6":0,"7":0,"8":0,"9":0,"10":0},"f":{"0":0,"1":0,"2":0,"3":0,"4":0},"b":{"0":[0,0]},"_coverageSchema":"43e27e138ebf9cfc5966b082cf9a028302ed4184","hash":"c3ff56bbed81f7ce4a622d589522e0d15b838aca"}
,"C:\\Users\\azhamkochyan\\Downloads\\cypress-end-to-end-javascript-testing\\cypress-pluralsight\\Before\\Conduit-Cypress\\client\\src\\components\\Article\\ArticleMeta.js": {"path":"C:\\Users\\azhamkochyan\\Downloads\\cypress-end-to-end-javascript-testing\\cypress-pluralsight\\Before\\Conduit-Cypress\\client\\src\\components\\Article\\ArticleMeta.js","statementMap":{"0":{"start":{"line":5,"column":20},"end":{"line":25,"column":1}},"1":{"start":{"line":6,"column":18},"end":{"line":6,"column":31}},"2":{"start":{"line":7,"column":2},"end":{"line":24,"column":4}}},"fnMap":{"0":{"name":"(anonymous_0)","decl":{"start":{"line":5,"column":20},"end":{"line":5,"column":21}},"loc":{"start":{"line":5,"column":29},"end":{"line":25,"column":1}},"line":5}},"branchMap":{},"s":{"0":1,"1":0,"2":0},"f":{"0":0},"b":{},"_coverageSchema":"43e27e138ebf9cfc5966b082cf9a028302ed4184","hash":"ce957daa3c31776f279f2f0d7c3ade66055c91c0"}
,"C:\\Users\\azhamkochyan\\Downloads\\cypress-end-to-end-javascript-testing\\cypress-pluralsight\\Before\\Conduit-Cypress\\client\\src\\components\\Article\\Comment.js": {"path":"C:\\Users\\azhamkochyan\\Downloads\\cypress-end-to-end-javascript-testing\\cypress-pluralsight\\Before\\Conduit-Cypress\\client\\src\\components\\Article\\Comment.js","statementMap":{"0":{"start":{"line":5,"column":16},"end":{"line":33,"column":1}},"1":{"start":{"line":6,"column":18},"end":{"line":6,"column":31}},"2":{"start":{"line":8,"column":4},"end":{"line":8,"column":79}},"3":{"start":{"line":9,"column":2},"end":{"line":32,"column":3}}},"fnMap":{"0":{"name":"(anonymous_0)","decl":{"start":{"line":5,"column":16},"end":{"line":5,"column":17}},"loc":{"start":{"line":5,"column":25},"end":{"line":33,"column":1}},"line":5}},"branchMap":{"0":{"loc":{"start":{"line":8,"column":4},"end":{"line":8,"column":79}},"type":"binary-expr","locations":[{"start":{"line":8,"column":4},"end":{"line":8,"column":21}},{"start":{"line":8,"column":25},"end":{"line":8,"column":79}}],"line":8}},"s":{"0":1,"1":0,"2":0,"3":0},"f":{"0":0},"b":{"0":[0,0]},"_coverageSchema":"43e27e138ebf9cfc5966b082cf9a028302ed4184","hash":"5c95749ab0ec2fc244344152f24f20c4c46b1d72"}
,"C:\\Users\\azhamkochyan\\Downloads\\cypress-end-to-end-javascript-testing\\cypress-pluralsight\\Before\\Conduit-Cypress\\client\\src\\components\\Article\\CommentContainer.js": {"path":"C:\\Users\\azhamkochyan\\Downloads\\cypress-end-to-end-javascript-testing\\cypress-pluralsight\\Before\\Conduit-Cypress\\client\\src\\components\\Article\\CommentContainer.js","statementMap":{"0":{"start":{"line":6,"column":25},"end":{"line":38,"column":1}},"1":{"start":{"line":7,"column":2},"end":{"line":37,"column":3}},"2":{"start":{"line":8,"column":4},"end":{"line":20,"column":6}},"3":{"start":{"line":22,"column":4},"end":{"line":36,"column":6}}},"fnMap":{"0":{"name":"(anonymous_0)","decl":{"start":{"line":6,"column":25},"end":{"line":6,"column":26}},"loc":{"start":{"line":6,"column":34},"end":{"line":38,"column":1}},"line":6}},"branchMap":{"0":{"loc":{"start":{"line":7,"column":2},"end":{"line":37,"column":3}},"type":"if","locations":[{"start":{"line":7,"column":2},"end":{"line":37,"column":3}},{"start":{"line":7,"column":2},"end":{"line":37,"column":3}}],"line":7}},"s":{"0":1,"1":0,"2":0,"3":0},"f":{"0":0},"b":{"0":[0,0]},"_coverageSchema":"43e27e138ebf9cfc5966b082cf9a028302ed4184","hash":"0f34c56f8785aa1ec49ce1d198ed6c606b6c6e5c"}
[...]
-javascript-testing\\cypress-pluralsight\\Before\\Conduit-Cypress\\client\\src\\reducers\\articleList.js","statementMap":{"0":{"start":{"line":16,"column":2},"end":{"line":85,"column":3}},"1":{"start":{"line":19,"column":6},"end":{"line":31,"column":8}},"2":{"start":{"line":22,"column":10},"end":{"line":28,"column":11}},"3":{"start":{"line":23,"column":12},"end":{"line":27,"column":14}},"4":{"start":{"line":29,"column":10},"end":{"line":29,"column":25}},"5":{"start":{"line":33,"column":6},"end":{"line":38,"column":8}},"6":{"start":{"line":40,"column":6},"end":{"line":48,"column":8}},"7":{"start":{"line":50,"column":6},"end":{"line":58,"column":8}},"8":{"start":{"line":60,"column":6},"end":{"line":60,"column":16}},"9":{"start":{"line":62,"column":6},"end":{"line":70,"column":8}},"10":{"start":{"line":73,"column":6},"end":{"line":79,"column":8}},"11":{"start":{"line":82,"column":6},"end":{"line":82,"column":16}},"12":{"start":{"line":84,"column":6},"end":{"line":84,"column":19}}},"fnMap":{"0":{"name":"(anonymous_0)","decl":{"start":{"line":15,"column":15},"end":{"line":15,"column":16}},"loc":{"start":{"line":15,"column":39},"end":{"line":86,"column":1}},"line":15},"1":{"name":"(anonymous_1)","decl":{"start":{"line":21,"column":37},"end":{"line":21,"column":38}},"loc":{"start":{"line":21,"column":48},"end":{"line":30,"column":9}},"line":21}},"branchMap":{"0":{"loc":{"start":{"line":15,"column":16},"end":{"line":15,"column":26}},"type":"default-arg","locations":[{"start":{"line":15,"column":24},"end":{"line":15,"column":26}}],"line":15},"1":{"loc":{"start":{"line":16,"column":2},"end":{"line":85,"column":3}},"type":"switch","locations":[{"start":{"line":17,"column":4},"end":{"line":17,"column":27}},{"start":{"line":18,"column":4},"end":{"line":31,"column":8}},{"start":{"line":32,"column":4},"end":{"line":38,"column":8}},{"start":{"line":39,"column":4},"end":{"line":48,"column":8}},{"start":{"line":49,"column":4},"end":{"line":58,"column":8}},{"start":{"line":59,"column":4},"end":{"line":60,"column":16}},{"start":{"line":61,"column":4},"end":{"line":70,"column":8}},{"start":{"line":71,"column":4},"end":{"line":71,"column":29}},{"start":{"line":72,"column":4},"end":{"line":79,"column":8}},{"start":{"line":80,"column":4},"end":{"line":80,"column":31}},{"start":{"line":81,"column":4},"end":{"line":82,"column":16}},{"start":{"line":83,"column":4},"end":{"line":84,"column":19}}],"line":16},"2":{"loc":{"start":{"line":22,"column":10},"end":{"line":28,"column":11}},"type":"if","locations":[{"start":{"line":22,"column":10},"end":{"line":28,"column":11}},{"start":{"line":22,"column":10},"end":{"line":28,"column":11}}],"line":22}},"s":{"0":18,"1":0,"2":0,"3":0,"4":0,"5":0,"6":0,"7":1,"8":1,"9":0,"10":1,"11":1,"12":14},"f":{"0":18,"1":0},"b":{"0":[3],"1":[0,0,0,0,1,1,0,1,1,1,1,14],"2":[0,0]},"_coverageSchema":"43e27e138ebf9cfc5966b082cf9a028302ed4184","hash":"8236498fafe3385a386116c44d1967e984134cb8"}
,"C:\\Users\\azhamkochyan\\Downloads\\cypress-end-to-end-javascript-testing\\cypress-pluralsight\\Before\\Conduit-Cypress\\client\\src\\reducers\\auth.js": {"path":"C:\\Users\\azhamkochyan\\Downloads\\cypress-end-to-end-javascript-testing\\cypress-pluralsight\\Before\\Conduit-Cypress\\client\\src\\reducers\\auth.js","statementMap":{"0":{"start":{"line":11,"column":2},"end":{"line":31,"column":3}},"1":{"start":{"line":14,"column":6},"end":{"line":18,"column":8}},"2":{"start":{"line":21,"column":6},"end":{"line":21,"column":16}},"3":{"start":{"line":23,"column":6},"end":{"line":25,"column":7}},"4":{"start":{"line":24,"column":8},"end":{"line":24,"column":46}},"5":{"start":{"line":26,"column":6},"end":{"line":26,"column":12}},"6":{"start":{"line":28,"column":6},"end":{"line":28,"column":54}},"7":{"start":{"line":30,"column":6},"end":{"line":30,"column":19}},"8":{"start":{"line":33,"column":2},"end":{"line":33,"column":15}}},"fnMap":{"0":{"name":"(anonymous_0)","decl":{"start":{"line":10,"column":15},"end":{"line":10,"column":16}},"loc":{"start":{"line":10,"column":39},"end":{"line":34,"column":1}},"line":10}},"branchMap":{"0":{"loc":{"start":{"line":10,"column":16},"end":{"line":10,"column":26}},"type":"default-arg","locations":[{"start":{"line":10,"column":24},"end":{"line":10,"column":26}}],"line":10},"1":{"loc":{"start":{"line":11,"column":2},"end":{"line":31,"column":3}},"type":"switch","locations":[{"start":{"line":12,"column":4},"end":{"line":12,"column":15}},{"start":{"line":13,"column":4},"end":{"line":18,"column":8}},{"start":{"line":19,"column":4},"end":{"line":19,"column":29}},{"start":{"line":20,"column":4},"end":{"line":21,"column":16}},{"start":{"line":22,"column":4},"end":{"line":26,"column":12}},{"start":{"line":27,"column":4},"end":{"line":28,"column":54}},{"start":{"line":29,"column":4},"end":{"line":30,"column":19}}],"line":11},"2":{"loc":{"start":{"line":17,"column":16},"end":{"line":17,"column":59}},"type":"cond-expr","locations":[{"start":{"line":17,"column":31},"end":{"line":17,"column":52}},{"start":{"line":17,"column":55},"end":{"line":17,"column":59}}],"line":17},"3":{"loc":{"start":{"line":23,"column":6},"end":{"line":25,"column":7}},"type":"if","locations":[{"start":{"line":23,"column":6},"end":{"line":25,"column":7}},{"start":{"line":23,"column":6},"end":{"line":25,"column":7}}],"line":23},"4":{"loc":{"start":{"line":23,"column":10},"end":{"line":23,"column":65}},"type":"binary-expr","locations":[{"start":{"line":23,"column":10},"end":{"line":23,"column":34}},{"start":{"line":23,"column":38},"end":{"line":23,"column":65}}],"line":23}},"s":{"0":18,"1":0,"2":0,"3":4,"4":0,"5":4,"6":0,"7":14,"8":4},"f":{"0":18},"b":{"0":[3],"1":[0,0,0,0,4,0,14],"2":[0,0],"3":[0,4],"4":[4,4]},"_coverageSchema":"43e27e138ebf9cfc5966b082cf9a028302ed4184","hash":"818a84de18b4965842f6cf194fbcf662eb217812"}
,"C:\\Users\\azhamkochyan\\Downloads\\cypress-end-to-end-javascript-testing\\cypress-pluralsight\\Before\\Conduit-Cypress\\client\\src\\reducers\\common.js": {"path":"C:\\Users\\azhamkochyan\\Downloads\\cypress-end-to-end-javascript-testing\\cypress-pluralsight\\Before\\Conduit-Cypress\\client\\src\\reducers\\common.js","statementMap":{"0":{"start":{"line":20,"column":21},"end":{"line":24,"column":1}},"1":{"start":{"line":27,"column":2},"end":{"line":69,"column":3}},"2":{"start":{"line":29,"column":6},"end":{"line":34,"column":8}},"3":{"start":{"line":36,"column":6},"end":{"line":36,"column":44}},"4":{"start":{"line":38,"column":6},"end":{"line":38,"column":75}},"5":{"start":{"line":40,"column":26},"end":{"line":40,"column":67}},"6":{"start":{"line":41,"column":6},"end":{"line":41,"column":51}},"7":{"start":{"line":43,"column":6},"end":{"line":47,"column":8}},"8":{"start":{"line":50,"column":6},"end":{"line":55,"column":8}},"9":{"start":{"line":57,"column":6},"end":{"line":57,"column":43}},"10":{"start":{"line":66,"column":6},"end":{"line":66,"column":74}},"11":{"start":{"line":68,"column":6},"end":{"line":68,"column":19}}},"fnMap":{"0":{"name":"(anonymous_0)","decl":{"start":{"line":26,"column":15},"end":{"line":26,"column":16}},"loc":{"start":{"line":26,"column":49},"end":{"line":70,"column":1}},"line":26}},"branchMap":{"0":{"loc":{"start":{"line":26,"column":16},"end":{"line":26,"column":36}},"type":"default-arg","locations":[{"start":{"line":26,"column":24},"end":{"line":26,"column":36}}],"line":26},"1":{"loc":{"start":{"line":27,"column":2},"end":{"line":69,"column":3}},"type":"switch","locations":[{"start":{"line":28,"column":4},"end":{"line":34,"column":8}},{"start":{"line":35,"column":4},"end":{"line":36,"column":44}},{"start":{"line":37,"column":4},"end":{"line":38,"column":75}},{"start":{"line":39,"column":4},"end":{"line":41,"column":51}},{"start":{"line":42,"column":4},"end":{"line":47,"column":8}},{"start":{"line":48,"column":4},"end":{"line":48,"column":15}},{"start":{"line":49,"column":4},"end":{"line":55,"column":8}},{"start":{"line":56,"column":4},"end":{"line":57,"column":43}},{"start":{"line":58,"column":4},"end":{"line":58,"column":31}},{"start":{"line":59,"column":4},"end":{"line":59,"column":30}},{"start":{"line":60,"column":4},"end":{"line":60,"column":28}},{"start":{"line":61,"column":4},"end":{"line":61,"column":31}},{"start":{"line":62,"column":4},"end":{"line":62,"column":41}},{"start":{"line":63,"column":4},"end":{"line":63,"column":32}},{"start":{"line":64,"column":4},"end":{"line":64,"column":29}},{"start":{"line":65,"column":4},"end":{"line":66,"column":74}},{"start":{"line":67,"column":4},"end":{"line":68,"column":19}}],"line":27},"2":{"loc":{"start":{"line":31,"column":15},"end":{"line":31,"column":35}},"type":"binary-expr","locations":[{"start":{"line":31,"column":15},"end":{"line":31,"column":27}},{"start":{"line":31,"column":31},"end":{"line":31,"column":35}}],"line":31},"3":{"loc":{"start":{"line":33,"column":21},"end":{"line":33,"column":64}},"type":"cond-expr","locations":[{"start":{"line":33,"column":38},"end":{"line":33,"column":57}},{"start":{"line":33,"column":60},"end":{"line":33,"column":64}}],"line":33},"4":{"loc":{"start":{"line":45,"column":20},"end":{"line":45,"column":45}},"type":"cond-expr","locations":[{"start":{"line":45,"column":35},"end":{"line":45,"column":39}},{"start":{"line":45,"column":42},"end":{"line":45,"column":45}}],"line":45},"5":{"loc":{"start":{"line":46,"column":21},"end":{"line":46,"column":62}},"type":"cond-expr","locations":[{"start":{"line":46,"column":36},"end":{"line":46,"column":40}},{"start":{"line":46,"column":43},"end":{"line":46,"column":62}}],"line":46},"6":{"loc":{"start":{"line":52,"column":20},"end":{"line":52,"column":45}},"type":"cond-expr","locations":[{"start":{"line":52,"column":35},"end":{"line":52,"column":39}},{"start":{"line":52,"column":42},"end":{"line":52,"column":45}}],"line":52},"7":{"loc":{"start":{"line":53,"column":15},"end":{"line":53,"column":62}},"type":"cond-expr","locations":[{"start":{"line":53,"column":30},"end":{"line":53,"column":34}},{"start":{"line":53,"column":37},"end":{"line":53,"column":62}}],"line":53},"8":{"loc":{"start":{"line":54,"column":21},"end":{"line":54,"column":62}},"type":"cond-expr","locations":[{"start":{"line":54,"column":36},"end":{"line":54,"column":40}},{"start":{"line":54,"column":43},"end":{"line":54,"column":62}}],"line":54}},"s":{"0":1,"1":18,"2":1,"3":0,"4":0,"5":0,"6":0,"7":0,"8":0,"9":0,"10":2,"11":15},"f":{"0":18},"b":{"0":[3],"1":[1,0,0,0,0,0,0,0,0,0,1,2,2,2,2,2,15],"2":[1,0],"3":[1,0],"4":[0,0],"5":[0,0],"6":[0,0],"7":[0,0],"8":[0,0]},"_coverageSchema":"43e27e138ebf9cfc5966b082cf9a028302ed4184","hash":"6aa04e093839c1720cb8ed195d18e33c3b11ca67"}
,"C:\\Users\\azhamkochyan\\Downloads\\cypress-end-to-end-javascript-testing\\cypress-pluralsight\\Before\\Conduit-Cypress\\client\\src\\reducers\\editor.js": {"path":"C:\\Users\\azhamkochyan\\Downloads\\cypress-end-to-end-javascript-testing\\cypress-pluralsight\\Before\\Conduit-Cypress\\client\\src\\reducers\\editor.js","statementMap":{"0":{"start":{"line":12,"column":2},"end":{"line":51,"column":3}},"1":{"start":{"line":14,"column":6},"end":{"line":22,"column":8}},"2":{"start":{"line":24,"column":6},"end":{"line":24,"column":16}},"3":{"start":{"line":26,"column":6},"end":{"line":30,"column":8}},"4":{"start":{"line":32,"column":6},"end":{"line":34,"column":7}},"5":{"start":{"line":33,"column":8},"end":{"line":33,"column":46}},"6":{"start":{"line":35,"column":6},"end":{"line":35,"column":12}},"7":{"start":{"line":37,"column":6},"end":{"line":41,"column":8}},"8":{"start":{"line":43,"column":6},"end":{"line":46,"column":8}},"9":{"start":{"line":45,"column":45},"end":{"line":45,"column":63}},"10":{"start":{"line":48,"column":6},"end":{"line":48,"column":54}},"11":{"start":{"line":50,"column":6},"end":{"line":50,"column":19}},"12":{"start":{"line":53,"column":2},"end":{"line":53,"column":15}}},"fnMap":{"0":{"name":"(anonymous_0)","decl":{"start":{"line":11,"column":15},"end":{"line":11,"column":16}},"loc":{"start":{"line":11,"column":39},"end":{"line":54,"column":1}},"line":11},"1":{"name":"(anonymous_1)","decl":{"start":{"line":45,"column":38},"end":{"line":45,"column":39}},"loc":{"start":{"line":45,"column":45},"end":{"line":45,"column":63}},"line":45}},"branchMap":{"0":{"loc":{"start":{"line":11,"column":16},"end":{"line":11,"column":26}},"type":"default-arg","locations":[{"start":{"line":11,"column":24},"end":{"line":11,"column":26}}],"line":11},"1":{"loc":{"start":{"line":12,"column":2},"end":{"line":51,"column":3}},"type":"switch","locations":[{"start":{"line":13,"column":4},"end":{"line":22,"column":8}},{"start":{"line":23,"column":4},"end":{"line":24,"column":16}},{"start":{"line":25,"column":4},"end":{"line":30,"column":8}},{"start":{"line":31,"column":4},"end":{"line":35,"column":12}},{"start":{"line":36,"column":4},"end":{"line":41,"column":8}},{"start":{"line":42,"column":4},"end":{"line":46,"column":8}},{"start":{"line":47,"column":4},"end":{"line":48,"column":54}},{"start":{"line":49,"column":4},"end":{"line":50,"column":19}}],"line":12},"2":{"loc":{"start":{"line":16,"column":21},"end":{"line":16,"column":70}},"type":"cond-expr","locations":[{"start":{"line":16,"column":38},"end":{"line":16,"column":65}},{"start":{"line":16,"column":68},"end":{"line":16,"column":70}}],"line":16},"3":{"loc":{"start":{"line":17,"column":15},"end":{"line":17,"column":65}},"type":"cond-expr","locations":[{"start":{"line":17,"column":32},"end":{"line":17,"column":60}},{"start":{"line":17,"column":63},"end":{"line":17,"column":65}}],"line":17},"4":{"loc":{"start":{"line":18,"column":21},"end":{"line":18,"column":77}},"type":"cond-expr","locations":[{"start":{"line":18,"column":38},"end":{"line":18,"column":72}},{"start":{"line":18,"column":75},"end":{"line":18,"column":77}}],"line":18},"5":{"loc":{"start":{"line":19,"column":14},"end":{"line":19,"column":63}},"type":"cond-expr","locations":[{"start":{"line":19,"column":31},"end":{"line":19,"column":58}},{"start":{"line":19,"column":61},"end":{"line":19,"column":63}}],"line":19},"6":{"loc":{"start":{"line":21,"column":17},"end":{"line":21,"column":69}},"type":"cond-expr","locations":[{"start":{"line":21,"column":34},"end":{"line":21,"column":64}},{"start":{"line":21,"column":67},"end":{"line":21,"column":69}}],"line":21},"7":{"loc":{"start":{"line":29,"column":16},"end":{"line":29,"column":59}},"type":"cond-expr","locations":[{"start":{"line":29,"column":31},"end":{"line":29,"column":52}},{"start":{"line":29,"column":55},"end":{"line":29,"column":59}}],"line":29},"8":{"loc":{"start":{"line":32,"column":6},"end":{"line":34,"column":7}},"type":"if","locations":[{"start":{"line":32,"column":6},"end":{"line":34,"column":7}},{"start":{"line":32,"column":6},"end":{"line":34,"column":7}}],"line":32}},"s":{"0":18,"1":0,"2":0,"3":0,"4":4,"5":0,"6":4,"7":0,"8":0,"9":0,"10":0,"11":14,"12":4},"f":{"0":18,"1":0},"b":{"0":[3],"1":[0,0,0,4,0,0,0,14],"2":[0,0],"3":[0,0],"4":[0,0],"5":[0,0],"6":[0,0],"7":[0,0],"8":[0,4]},"_coverageSchema":"43e27e138ebf9cfc5966b082cf9a028302ed4184","hash":"789ec3850924f58fca803cfde6905d571fa74049"}
,"C:\\Users\\azhamkochyan\\Downloads\\cypress-end-to-end-javascript-testing\\cypress-pluralsight\\Before\\Conduit-Cypress\\client\\src\\reducers\\home.js": {"path":"C:\\Users\\azhamkochyan\\Downloads\\cypress-end-to-end-javascript-testing\\cypress-pluralsight\\Before\\Conduit-Cypress\\client\\src\\reducers\\home.js","statementMap":{"0":{"start":{"line":4,"column":2},"end":{"line":14,"column":3}},"1":{"start":{"line":6,"column":6},"end":{"line":9,"column":8}},"2":{"start":{"line":11,"column":6},"end":{"line":11,"column":16}},"3":{"start":{"line":13,"column":6},"end":{"line":13,"column":19}}},"fnMap":{"0":{"name":"(anonymous_0)","decl":{"start":{"line":3,"column":15},"end":{"line":3,"column":16}},"loc":{"start":{"line":3,"column":39},"end":{"line":15,"column":1}},"line":3}},"branchMap":{"0":{"loc":{"start":{"line":3,"column":16},"end":{"line":3,"column":26}},"type":"default-arg","locations":[{"start":{"line":3,"column":24},"end":{"line":3,"column":26}}],"line":3},"1":{"loc":{"start":{"line":4,"column":2},"end":{"line":14,"column":3}},"type":"switch","locations":[{"start":{"line":5,"column":4},"end":{"line":9,"column":8}},{"start":{"line":10,"column":4},"end":{"line":11,"column":16}},{"start":{"line":12,"column":4},"end":{"line":13,"column":19}}],"line":4}},"s":{"0":18,"1":1,"2":1,"3":16},"f":{"0":18},"b":{"0":[3],"1":[1,1,16]},"_coverageSchema":"43e27e138ebf9cfc5966b082cf9a028302ed4184","hash":"f6493d3b1d3ca8311e4591495869c4921f77e419"}
,"C:\\Users\\azhamkochyan\\Downloads\\cypress-end-to-end-javascript-testing\\cypress-pluralsight\\Before\\Conduit-Cypress\\client\\src\\reducers\\profile.js": {"path":"C:\\Users\\azhamkochyan\\Downloads\\cypress-end-to-end-javascript-testing\\cypress-pluralsight\\Before\\Conduit-Cypress\\client\\src\\reducers\\profile.js","statementMap":{"0":{"start":{"line":9,"column":2},"end":{"line":23,"column":3}},"1":{"start":{"line":11,"column":6},"end":{"line":13,"column":8}},"2":{"start":{"line":15,"column":6},"end":{"line":15,"column":16}},"3":{"start":{"line":18,"column":6},"end":{"line":20,"column":8}},"4":{"start":{"line":22,"column":6},"end":{"line":22,"column":19}}},"fnMap":{"0":{"name":"(anonymous_0)","decl":{"start":{"line":8,"column":15},"end":{"line":8,"column":16}},"loc":{"start":{"line":8,"column":39},"end":{"line":24,"column":1}},"line":8}},"branchMap":{"0":{"loc":{"start":{"line":8,"column":16},"end":{"line":8,"column":26}},"type":"default-arg","locations":[{"start":{"line":8,"column":24},"end":{"line":8,"column":26}}],"line":8},"1":{"loc":{"start":{"line":9,"column":2},"end":{"line":23,"column":3}},"type":"switch","locations":[{"start":{"line":10,"column":4},"end":{"line":13,"column":8}},{"start":{"line":14,"column":4},"end":{"line":15,"column":16}},{"start":{"line":16,"column":4},"end":{"line":16,"column":21}},{"start":{"line":17,"column":4},"end":{"line":20,"column":8}},{"start":{"line":21,"column":4},"end":{"line":22,"column":19}}],"line":9}},"s":{"0":18,"1":1,"2":1,"3":0,"4":16},"f":{"0":18},"b":{"0":[3],"1":[1,1,0,0,16]},"_coverageSchema":"43e27e138ebf9cfc5966b082cf9a028302ed4184","hash":"14f6789a970f2b14fec8fcc4596d392d90624ce7"}
,"C:\\Users\\azhamkochyan\\Downloads\\cypress-end-to-end-javascript-testing\\cypress-pluralsight\\Before\\Conduit-Cypress\\client\\src\\reducers\\settings.js": {"path":"C:\\Users\\azhamkochyan\\Downloads\\cypress-end-to-end-javascript-testing\\cypress-pluralsight\\Before\\Conduit-Cypress\\client\\src\\reducers\\settings.js","statementMap":{"0":{"start":{"line":8,"column":2},"end":{"line":24,"column":3}},"1":{"start":{"line":10,"column":6},"end":{"line":14,"column":8}},"2":{"start":{"line":16,"column":6},"end":{"line":16,"column":16}},"3":{"start":{"line":18,"column":6},"end":{"line":21,"column":8}},"4":{"start":{"line":23,"column":6},"end":{"line":23,"column":19}}},"fnMap":{"0":{"name":"(anonymous_0)","decl":{"start":{"line":7,"column":15},"end":{"line":7,"column":16}},"loc":{"start":{"line":7,"column":39},"end":{"line":25,"column":1}},"line":7}},"branchMap":{"0":{"loc":{"start":{"line":7,"column":16},"end":{"line":7,"column":26}},"type":"default-arg","locations":[{"start":{"line":7,"column":24},"end":{"line":7,"column":26}}],"line":7},"1":{"loc":{"start":{"line":8,"column":2},"end":{"line":24,"column":3}},"type":"switch","locations":[{"start":{"line":9,"column":4},"end":{"line":14,"column":8}},{"start":{"line":15,"column":4},"end":{"line":16,"column":16}},{"start":{"line":17,"column":4},"end":{"line":21,"column":8}},{"start":{"line":22,"column":4},"end":{"line":23,"column":19}}],"line":8},"2":{"loc":{"start":{"line":13,"column":16},"end":{"line":13,"column":59}},"type":"cond-expr","locations":[{"start":{"line":13,"column":31},"end":{"line":13,"column":52}},{"start":{"line":13,"column":55},"end":{"line":13,"column":59}}],"line":13}},"s":{"0":18,"1":0,"2":0,"3":4,"4":14},"f":{"0":18},"b":{"0":[3],"1":[0,0,4,14],"2":[0,0]},"_coverageSchema":"43e27e138ebf9cfc5966b082cf9a028302ed4184","hash":"2f8283675382321b08436a913c765db308dd558b"}
}
